2018-09-03-09:55:01
/data/py/bsj/bishijie/spiders/fbf.py:4: ScrapyDeprecationWarning: Module `scrapy.contrib.loader` is deprecated, use `scrapy.loader` instead
  from scrapy.contrib.loader import ItemLoader
2018-09-03 09:55:02 [scrapy.utils.log] INFO: Scrapy 1.5.0 started (bot: bishijie)
2018-09-03 09:55:02 [scrapy.utils.log] INFO: Versions: lxml 4.2.1.0, libxml2 2.9.8, cssselect 1.0.3, parsel 1.4.0, w3lib 1.19.0, Twisted 18.7.0, Python 3.5.3 (default, Aug 21 2018, 20:13:55) - [GCC 4.8.5 20150623 (Red Hat 4.8.5-16)], pyOpenSSL 17.5.0 (OpenSSL 1.1.0h  27 Mar 2018), cryptography 2.2.2, Platform Linux-3.10.0-514.26.2.el7.x86_64-x86_64-with-centos-7.2.1511-Core
2018-09-03 09:55:02 [scrapy.crawler] INFO: Overridden settings: {'FEED_EXPORT_ENCODING': 'utf-8', 'ROBOTSTXT_OBEY': True, 'SPIDER_MODULES': ['bishijie.spiders'], 'BOT_NAME': 'bishijie', 'NEWSPIDER_MODULE': 'bishijie.spiders'}
2018-09-03 09:55:02 [scrapy.middleware] INFO: Enabled extensions:
['scrapy.extensions.telnet.TelnetConsole',
 'scrapy.extensions.memusage.MemoryUsage',
 'scrapy.extensions.corestats.CoreStats',
 'scrapy.extensions.logstats.LogStats']
2018-09-03 09:55:02 [scrapy.middleware] INFO: Enabled downloader middlewares:
['scrapy.downloadermiddlewares.robotstxt.RobotsTxtMiddleware',
 'scrapy.downloadermiddlewares.httpauth.HttpAuthMiddleware',
 'scrapy.downloadermiddlewares.downloadtimeout.DownloadTimeoutMiddleware',
 'scrapy.downloadermiddlewares.defaultheaders.DefaultHeadersMiddleware',
 'scrapy.downloadermiddlewares.useragent.UserAgentMiddleware',
 'scrapy.downloadermiddlewares.retry.RetryMiddleware',
 'scrapy.downloadermiddlewares.redirect.MetaRefreshMiddleware',
 'scrapy.downloadermiddlewares.httpcompression.HttpCompressionMiddleware',
 'scrapy.downloadermiddlewares.redirect.RedirectMiddleware',
 'scrapy.downloadermiddlewares.cookies.CookiesMiddleware',
 'scrapy.downloadermiddlewares.httpproxy.HttpProxyMiddleware',
 'scrapy.downloadermiddlewares.stats.DownloaderStats']
2018-09-03 09:55:02 [scrapy.middleware] INFO: Enabled spider middlewares:
['scrapy.spidermiddlewares.httperror.HttpErrorMiddleware',
 'scrapy.spidermiddlewares.offsite.OffsiteMiddleware',
 'scrapy.spidermiddlewares.referer.RefererMiddleware',
 'scrapy.spidermiddlewares.urllength.UrlLengthMiddleware',
 'scrapy.spidermiddlewares.depth.DepthMiddleware']
2018-09-03 09:55:02 [scrapy.middleware] INFO: Enabled item pipelines:
['bishijie.pipelines.DuplicatesPipeline', 'bishijie.pipelines.BishijiePipeline']
2018-09-03 09:55:02 [scrapy.core.engine] INFO: Spider opened
2018-09-03 09:55:02 [scrapy.extensions.logstats] INFO: Crawled 0 pages (at 0 pages/min), scraped 0 items (at 0 items/min)
2018-09-03 09:55:02 [scrapy.extensions.telnet] DEBUG: Telnet console listening on 127.0.0.1:6023
2018-09-03 09:55:03 [scrapy.core.engine] DEBUG: Crawled (200) <GET http://www.bishijie.com/robots.txt> (referer: None)
2018-09-03 09:55:03 [scrapy.core.engine] DEBUG: Crawled (200) <GET http://www.bishijie.com/kuaixun/> (referer: None)
2018-09-03 09:55:03 [scrapy.core.scraper] WARNING: Dropped: Duplicate item found: {'content': '\n'
            "据sludgefeed消息，乐天集团近日宣布收购一家东京的数字货币交易所Everybody'sBitcoin，根据最新消息显示，此次收购的价格约为240万美元，收购将于10月1日完成。此前乐天集团发布报告称，此次收购将有助于未来乐天推出自己的数字货币和向全球开放数字货币支付业务。",
 'create_time': '09:42',
 'title': '乐天集团将以240万美元收购数字货币交易所 为发行数字货币做准备'}
{'content': '\n'
            "据sludgefeed消息，乐天集团近日宣布收购一家东京的数字货币交易所Everybody'sBitcoin，根据最新消息显示，此次收购的价格约为240万美元，收购将于10月1日完成。此前乐天集团发布报告称，此次收购将有助于未来乐天推出自己的数字货币和向全球开放数字货币支付业务。",
 'create_time': '09:42',
 'title': '乐天集团将以240万美元收购数字货币交易所 为发行数字货币做准备'}
2018-09-03 09:55:03 [scrapy.core.scraper] WARNING: Dropped: Duplicate item found: {'content': '\n'
            '据Bitcoinist报道，苹果公司已经明确要求Coinbase从iOS的Coinbase钱包应用程序中删除其加密游戏《战争骑手》。在该游戏中，玩家在一个末日荒地上行驶，在区块链上建造大量由NFT通证代表的车辆。苹果公司指出这款游戏在本质上绕过了苹果所坚持的应用内购买结构，才被强制下架。不过目前这款游戏仍然在Android平台上运行。',
 'create_time': '09:38',
 'title': '苹果公司要求Coinbase下架其钱包APP中包含的加密游戏'}
{'content': '\n'
            '据Bitcoinist报道，苹果公司已经明确要求Coinbase从iOS的Coinbase钱包应用程序中删除其加密游戏《战争骑手》。在该游戏中，玩家在一个末日荒地上行驶，在区块链上建造大量由NFT通证代表的车辆。苹果公司指出这款游戏在本质上绕过了苹果所坚持的应用内购买结构，才被强制下架。不过目前这款游戏仍然在Android平台上运行。',
 'create_time': '09:38',
 'title': '苹果公司要求Coinbase下架其钱包APP中包含的加密游戏'}
2018-09-03 09:55:03 [scrapy.core.scraper] WARNING: Dropped: Duplicate item found: {'content': '\n'
            'A股开盘，区块链板块整体下跌0.24%。84只概念股中，21只上涨，55只下跌。涨幅前三为：飞天诚信（+4.55％），宣亚国际（+1.25%），嘉泽新能（+1.21%）。跌幅前三为：中元股份（-2.55%），卫士通（-2.51%），科达股份（-1.98%）。',
 'create_time': '09:31',
 'title': 'A股开盘：区块链板块整体下跌0.24%'}
{'content': '\n'
            'A股开盘，区块链板块整体下跌0.24%。84只概念股中，21只上涨，55只下跌。涨幅前三为：飞天诚信（+4.55％），宣亚国际（+1.25%），嘉泽新能（+1.21%）。跌幅前三为：中元股份（-2.55%），卫士通（-2.51%），科达股份（-1.98%）。',
 'create_time': '09:31',
 'title': 'A股开盘：区块链板块整体下跌0.24%'}
2018-09-03 09:55:03 [scrapy.core.scraper] WARNING: Dropped: Duplicate item found: {'content': '\nETC刚刚大幅拉升近1美元，最高涨至14.38美元，火币现报14.33美元，涨幅8.15%。',
 'create_time': '09:13',
 'title': 'ETC短时大幅拉升，今日涨幅达8%'}
{'content': '\nETC刚刚大幅拉升近1美元，最高涨至14.38美元，火币现报14.33美元，涨幅8.15%。',
 'create_time': '09:13',
 'title': 'ETC短时大幅拉升，今日涨幅达8%'}
2018-09-03 09:55:03 [scrapy.core.scraper] WARNING: Dropped: Duplicate item found: {'content': '\n'
            '据virtualmoney消息，此前报道预计将于明年初投入使用的三菱UFJ金融集团发行的数字货币MUFG近日在UFJ集团东京总部的一家便利店开始试用，该便利店专供集团内部员工使用，持有MUFG的员工可通过智能手机上显示的二维码进行扫码支付。',
 'create_time': '08:47',
 'title': '三菱UFJ发行的数字货币MUFG进入试用阶段'}
{'content': '\n'
            '据virtualmoney消息，此前报道预计将于明年初投入使用的三菱UFJ金融集团发行的数字货币MUFG近日在UFJ集团东京总部的一家便利店开始试用，该便利店专供集团内部员工使用，持有MUFG的员工可通过智能手机上显示的二维码进行扫码支付。',
 'create_time': '08:47',
 'title': '三菱UFJ发行的数字货币MUFG进入试用阶段'}
2018-09-03 09:55:03 [scrapy.core.scraper] WARNING: Dropped: Duplicate item found: {'content': '\n'
            '据Bitcoin消息，数字货币咨询公司SatisGroup发布的一份报告中预计数字货币明年的总市值将达到5090亿美元，并将在2021年突破1万亿美元。报告中还估计明年BTC的交易价格为32914美元，五年内交易价格将达到96378美元。',
 'create_time': '08:25',
 'title': 'Satis Group：2021年数字货币的总市值将超1万亿美元'}
{'content': '\n'
            '据Bitcoin消息，数字货币咨询公司SatisGroup发布的一份报告中预计数字货币明年的总市值将达到5090亿美元，并将在2021年突破1万亿美元。报告中还估计明年BTC的交易价格为32914美元，五年内交易价格将达到96378美元。',
 'create_time': '08:25',
 'title': 'Satis Group：2021年数字货币的总市值将超1万亿美元'}
2018-09-03 09:55:03 [scrapy.core.scraper] WARNING: Dropped: Duplicate item found: {'content': '\n'
            '据Cryptoglobe消息，近日在泰国司法研究所（TIJ）和联合国毒品与犯罪问题办公室联合举办的研讨会上，TIJ执行董事表示，根据最近展开的调研结果可以预测泰国境内与数字货币相关的犯罪案件可能会在短时间内大幅增加，而原因是严重缺乏对该行业有深入了解的专业人才以及有效应对网络犯罪所需的技术。',
 'create_time': '08:16',
 'title': '泰国司法研究所：与数字货币相关的犯罪案件可能会在短时间大幅增加'}
{'content': '\n'
            '据Cryptoglobe消息，近日在泰国司法研究所（TIJ）和联合国毒品与犯罪问题办公室联合举办的研讨会上，TIJ执行董事表示，根据最近展开的调研结果可以预测泰国境内与数字货币相关的犯罪案件可能会在短时间内大幅增加，而原因是严重缺乏对该行业有深入了解的专业人才以及有效应对网络犯罪所需的技术。',
 'create_time': '08:16',
 'title': '泰国司法研究所：与数字货币相关的犯罪案件可能会在短时间大幅增加'}
2018-09-03 09:55:03 [scrapy.core.scraper] WARNING: Dropped: Duplicate item found: {'content': '\n1.GenesisGlobalTrading首席执行官：比特币或突破1万美元，熊市可能结束;',
 'create_time': '07:41',
 'title': '币世界早间内参：欧洲六国支持数字货币支付 吴忌寒称Craig Wright是下等人'}
{'content': '\n1.GenesisGlobalTrading首席执行官：比特币或突破1万美元，熊市可能结束;',
 'create_time': '07:41',
 'title': '币世界早间内参：欧洲六国支持数字货币支付 吴忌寒称Craig Wright是下等人'}
2018-09-03 09:55:03 [scrapy.core.scraper] WARNING: Dropped: Duplicate item found: {'content': '\n'
            '今日早间，BTC突破7300美元后小幅下滑，现于7280美元附近横盘整理。BTC现报7278.25美元，涨幅0.87%,主流币普涨。',
 'create_time': '07:39',
 'title': '币世界早行情：BTC于7280美元附近横盘整理 主流币普涨'}
{'content': '\n'
            '今日早间，BTC突破7300美元后小幅下滑，现于7280美元附近横盘整理。BTC现报7278.25美元，涨幅0.87%,主流币普涨。',
 'create_time': '07:39',
 'title': '币世界早行情：BTC于7280美元附近横盘整理 主流币普涨'}
2018-09-03 09:55:03 [scrapy.core.scraper] WARNING: Dropped: Duplicate item found: {'content': '\n'
            '据《币世界》行情显示，BTC在7300美元横盘整理，数字货币市场整体震荡，等待BTC进行方向选择。概念板块方面，银行卡板块24小时涨幅最大，涨幅3.16%；硬件和矿机板块跌幅最大，下跌11.53%。',
 'create_time': '07:12',
 'title': 'BTC横盘整理 市场整体震荡'}
{'content': '\n'
            '据《币世界》行情显示，BTC在7300美元横盘整理，数字货币市场整体震荡，等待BTC进行方向选择。概念板块方面，银行卡板块24小时涨幅最大，涨幅3.16%；硬件和矿机板块跌幅最大，下跌11.53%。',
 'create_time': '07:12',
 'title': 'BTC横盘整理 市场整体震荡'}
2018-09-03 09:55:03 [scrapy.core.scraper] WARNING: Dropped: Duplicate item found: {'content': '\n'
            '据Etherscan.io数据显示，目前以太坊网络未确认交易笔数62636笔，目前以太坊网络仍较拥堵。据《币世界》行情显示，ETH现价293.19美元，涨幅0.46%。',
 'create_time': '06:58',
 'title': '以太坊网络未确认交易笔数62636笔 仍较拥堵'}
{'content': '\n'
            '据Etherscan.io数据显示，目前以太坊网络未确认交易笔数62636笔，目前以太坊网络仍较拥堵。据《币世界》行情显示，ETH现价293.19美元，涨幅0.46%。',
 'create_time': '06:58',
 'title': '以太坊网络未确认交易笔数62636笔 仍较拥堵'}
2018-09-03 09:55:03 [scrapy.core.scraper] WARNING: Dropped: Duplicate item found: {'content': '\n'
            '据数字货币浏览器Brave创始人BrendanEich推特消息，JavaScript创建者开发的数字货币浏览器Brave最近月活跃用户已达400万。这意味着在两个月内新增用户超100万。Eich预计明年Brave每月活跃用户将超过1200万。',
 'create_time': '06:53',
 'title': '数字货币浏览器Brave两月新增用户超100万'}
{'content': '\n'
            '据数字货币浏览器Brave创始人BrendanEich推特消息，JavaScript创建者开发的数字货币浏览器Brave最近月活跃用户已达400万。这意味着在两个月内新增用户超100万。Eich预计明年Brave每月活跃用户将超过1200万。',
 'create_time': '06:53',
 'title': '数字货币浏览器Brave两月新增用户超100万'}
2018-09-03 09:55:03 [scrapy.core.scraper] WARNING: Dropped: Duplicate item found: {'content': '\n'
            '据IMEOS报道，REX电报群有成员提到如何在区块链上识别不同的人，有人分享视频用面具可以解锁iPhoneX。BM回应，我不担心AI生成的面孔，生物识别技术只是一种快捷方式，硬件密钥才是识别身份的根源。',
 'create_time': '06:49',
 'title': 'BM：硬件密钥才是区块链识别身份的根源'}
{'content': '\n'
            '据IMEOS报道，REX电报群有成员提到如何在区块链上识别不同的人，有人分享视频用面具可以解锁iPhoneX。BM回应，我不担心AI生成的面孔，生物识别技术只是一种快捷方式，硬件密钥才是识别身份的根源。',
 'create_time': '06:49',
 'title': 'BM：硬件密钥才是区块链识别身份的根源'}
2018-09-03 09:55:03 [scrapy.core.scraper] WARNING: Dropped: Duplicate item found: {'content': '\n'
            '据雅虎财经报道，BTC周日快速上涨300美元，随后在7300美元附近震荡。文章认为，这与韩国交易所Bithumb重新开放，允许用户注册，以及比特币ETF重新带给市场带来希望有关。',
 'create_time': '06:46',
 'title': 'BTC上涨或与Bithumb重新开放注册以及比特币ETF有关'}
{'content': '\n'
            '据雅虎财经报道，BTC周日快速上涨300美元，随后在7300美元附近震荡。文章认为，这与韩国交易所Bithumb重新开放，允许用户注册，以及比特币ETF重新带给市场带来希望有关。',
 'create_time': '06:46',
 'title': 'BTC上涨或与Bithumb重新开放注册以及比特币ETF有关'}
2018-09-03 09:55:03 [scrapy.core.scraper] WARNING: Dropped: Duplicate item found: {'content': '\n'
            '据Zycrypto报道，经济学家、数字货币交易员AlexKruger表示，在市场修正中，以太坊面临更多挑战。第一，以太坊ETF被批准的可能性较低；第二，以太坊市值低于比特币，比特币在市场中占据主导地位；第三，以太坊的市场地位面临来自其他数字货币竞争的威胁。',
 'create_time': '05:35',
 'title': '经济学家：ETH在市场修正中面临更多挑战'}
{'content': '\n'
            '据Zycrypto报道，经济学家、数字货币交易员AlexKruger表示，在市场修正中，以太坊面临更多挑战。第一，以太坊ETF被批准的可能性较低；第二，以太坊市值低于比特币，比特币在市场中占据主导地位；第三，以太坊的市场地位面临来自其他数字货币竞争的威胁。',
 'create_time': '05:35',
 'title': '经济学家：ETH在市场修正中面临更多挑战'}
2018-09-03 09:55:03 [scrapy.core.scraper] WARNING: Dropped: Duplicate item found: {'content': '\n'
            '据Cointelegraph消息，BCH压力测试使得链上24小时处理超过210万笔交易。据BitInfoCharts数据显示，BCH平均交易费用没有增加，实际上从0.002美元小幅下降到0.0017美元。根据CoinDance的数据，在压力测试期间，BCH网络上的微交易数量激增至每块1.43万个。根据Fork.lol的数据，BCH网络上的交易数量最高达到每块2.57万个，高于平均每个块90到150个交易的平均间隔。而BTC每块的平均交易数量为1000到1500。该测试旨在在24小时内处理“数百万最低费用交易”，以证明BCH区块链的容量和可扩展性，以及为开发人员和运营其服务的业务以及分散式应用程序（DApps）提供数据。',
 'create_time': '02:45',
 'title': 'BCH压力测试结果：210万笔交易不会导致费用激增'}
{'content': '\n'
            '据Cointelegraph消息，BCH压力测试使得链上24小时处理超过210万笔交易。据BitInfoCharts数据显示，BCH平均交易费用没有增加，实际上从0.002美元小幅下降到0.0017美元。根据CoinDance的数据，在压力测试期间，BCH网络上的微交易数量激增至每块1.43万个。根据Fork.lol的数据，BCH网络上的交易数量最高达到每块2.57万个，高于平均每个块90到150个交易的平均间隔。而BTC每块的平均交易数量为1000到1500。该测试旨在在24小时内处理“数百万最低费用交易”，以证明BCH区块链的容量和可扩展性，以及为开发人员和运营其服务的业务以及分散式应用程序（DApps）提供数据。',
 'create_time': '02:45',
 'title': 'BCH压力测试结果：210万笔交易不会导致费用激增'}
2018-09-03 09:55:03 [scrapy.core.scraper] WARNING: Dropped: Duplicate item found: {'content': '\n'
            '据IMEOS报道，推特@Bitcoin发推文称：根据Bitinfocharts.com数据，在最近24小时内，BCH占所有加密货币交易的64.7％。BM回复一张区块链活跃度分布图，显示EOS在最近七天的区块链活跃度中排名第一（49.3%）；并附文称，看来Blocktivity.info为我们描绘了一幅不同的画面。',
 'create_time': '01:54',
 'title': 'BM 推特回复@Bitcoin:  EOS在最近七天区块链活跃度中排名第一'}
{'content': '\n'
            '据IMEOS报道，推特@Bitcoin发推文称：根据Bitinfocharts.com数据，在最近24小时内，BCH占所有加密货币交易的64.7％。BM回复一张区块链活跃度分布图，显示EOS在最近七天的区块链活跃度中排名第一（49.3%）；并附文称，看来Blocktivity.info为我们描绘了一幅不同的画面。',
 'create_time': '01:54',
 'title': 'BM 推特回复@Bitcoin:  EOS在最近七天区块链活跃度中排名第一'}
2018-09-03 09:55:03 [scrapy.core.scraper] WARNING: Dropped: Duplicate item found: {'content': '\n'
            '据Newsbtc报道，9月1日，BTC相对稳定在7000美元的低位，一个1万BTC的空头头寸开单，使比特币空头头寸回到今年高位。数据显示，比特币空头头寸从2月初开始缓慢增加，在4月9日首次达到年初至今的最高位置，当时BTC交易价格约为7000美元，空头头寸有近3.8万个未平仓头寸。在空头头寸达到年中新高之后的一个月里，BTC价格从4月9日的7100美元攀升至5月5日的接近1万美元。根据分析，比特币空头此次再次达到今年高点，或成为比特币反向指标。',
 'create_time': '01:40',
 'title': '比特币空头头寸再至高位 或成BTC反向指标'}
{'content': '\n'
            '据Newsbtc报道，9月1日，BTC相对稳定在7000美元的低位，一个1万BTC的空头头寸开单，使比特币空头头寸回到今年高位。数据显示，比特币空头头寸从2月初开始缓慢增加，在4月9日首次达到年初至今的最高位置，当时BTC交易价格约为7000美元，空头头寸有近3.8万个未平仓头寸。在空头头寸达到年中新高之后的一个月里，BTC价格从4月9日的7100美元攀升至5月5日的接近1万美元。根据分析，比特币空头此次再次达到今年高点，或成为比特币反向指标。',
 'create_time': '01:40',
 'title': '比特币空头头寸再至高位 或成BTC反向指标'}
2018-09-03 09:55:03 [scrapy.core.scraper] WARNING: Dropped: Duplicate item found: {'content': '\n'
            '据cryptoglobe报道，Dogecoin社区最近在托管网站Change.org上向亚马逊首席执行官杰夫·贝佐斯请愿，要求他的电子商务平台接受这种数字货币作为支付方式。目前，请愿书已征集到8295个签名。据《币世界》行情显示，GOGE现价0.0051美元，涨幅1.92%。',
 'create_time': '01:00',
 'title': 'DOGE社区提请亚马逊接受DOGE作为支付方式'}
{'content': '\n'
            '据cryptoglobe报道，Dogecoin社区最近在托管网站Change.org上向亚马逊首席执行官杰夫·贝佐斯请愿，要求他的电子商务平台接受这种数字货币作为支付方式。目前，请愿书已征集到8295个签名。据《币世界》行情显示，GOGE现价0.0051美元，涨幅1.92%。',
 'create_time': '01:00',
 'title': 'DOGE社区提请亚马逊接受DOGE作为支付方式'}
2018-09-03 09:55:03 [scrapy.core.scraper] WARNING: Dropped: Duplicate item found: {'content': '\n'
            '据CCN报道，9月2日，比特币的短期看空合约在BitMEX和Bitfinex上大量出现，市场对短期持看空态度。但是，短期看空合约的突然上涨并不总是导致比特币的价格下跌。最近，BTC在7200美元附近的走势仍然较为稳健，BTC随后可能跌破7000美元，或者上攻突破7500美元。',
 'create_time': '00:38',
 'title': 'BTC短期看空合约激增 7200美元附近将迎来变盘'}
{'content': '\n'
            '据CCN报道，9月2日，比特币的短期看空合约在BitMEX和Bitfinex上大量出现，市场对短期持看空态度。但是，短期看空合约的突然上涨并不总是导致比特币的价格下跌。最近，BTC在7200美元附近的走势仍然较为稳健，BTC随后可能跌破7000美元，或者上攻突破7500美元。',
 'create_time': '00:38',
 'title': 'BTC短期看空合约激增 7200美元附近将迎来变盘'}
2018-09-03 09:55:03 [scrapy.core.scraper] WARNING: Dropped: Duplicate item found: {'content': '\n'
            '据Chaindigg数据显示，9月3日00:05:38，Tether核心钱包地址之一TetherTreasury一次性单向转入了1亿枚USDT至Bitfinex钱包地址。据《币世界》追踪，上次Tether转出一亿枚USDT至Bitfinex钱包的时间为8月22日，距今已有12日，期间两家曾多次互转大额USDT。',
 'create_time': '00:21',
 'title': 'Tether向Bitfinex转入1亿枚USDT'}
{'content': '\n'
            '据Chaindigg数据显示，9月3日00:05:38，Tether核心钱包地址之一TetherTreasury一次性单向转入了1亿枚USDT至Bitfinex钱包地址。据《币世界》追踪，上次Tether转出一亿枚USDT至Bitfinex钱包的时间为8月22日，距今已有12日，期间两家曾多次互转大额USDT。',
 'create_time': '00:21',
 'title': 'Tether向Bitfinex转入1亿枚USDT'}
2018-09-03 09:55:03 [scrapy.core.scraper] WARNING: Dropped: Duplicate item found: {'content': '\nBTC于今日17时突破7300美元，后回落至7200美元左右整理。BTC现报价7224.99美元，涨幅0.79%。',
 'create_time': '00:11',
 'title': '币世界24小时行情梳理：BTC突破7300美元后回落 主流币跌多涨少'}
{'content': '\nBTC于今日17时突破7300美元，后回落至7200美元左右整理。BTC现报价7224.99美元，涨幅0.79%。',
 'create_time': '00:11',
 'title': '币世界24小时行情梳理：BTC突破7300美元后回落 主流币跌多涨少'}
2018-09-03 09:55:03 [scrapy.core.scraper] WARNING: Dropped: Duplicate item found: {'content': '\n'
            '比特币矿池和莱比特矿池负责人江卓尔今日在其微博就BCH压力测试发表看法，称赞BCH交易速度快，后却撤走算力，有网友质疑称算力全切走了，这是要用行动支持BTC。江卓尔回应，他做的本来就是机枪池，负责平衡BCH和BCE两边的挖矿收益，以让支持BCH的矿工，能更安心地挖BCH。在他的平衡下，两边绝大部分时间的挖矿收益一致。',
 'create_time': '00:01',
 'title': '江卓尔称赞BCH交易速度快却撤走算力 遭网友质疑'}
{'content': '\n'
            '比特币矿池和莱比特矿池负责人江卓尔今日在其微博就BCH压力测试发表看法，称赞BCH交易速度快，后却撤走算力，有网友质疑称算力全切走了，这是要用行动支持BTC。江卓尔回应，他做的本来就是机枪池，负责平衡BCH和BCE两边的挖矿收益，以让支持BCH的矿工，能更安心地挖BCH。在他的平衡下，两边绝大部分时间的挖矿收益一致。',
 'create_time': '00:01',
 'title': '江卓尔称赞BCH交易速度快却撤走算力 遭网友质疑'}
2018-09-03 09:55:03 [scrapy.core.scraper] WARNING: Dropped: Duplicate item found: {'content': '\n'
            '据Dailyhodl报道，以太坊联合创始人JoeLubin认为，稳定币Tether最终会被更有效的价格稳定的代币所取代。他称MakerDAO的Dai和Circle的Centre是两个有力的竞争者，可以稳定数字货币生态系统。',
 'create_time': '23:25',
 'title': '以太坊联合创始人Joe Lubin：稳定币Tether会被更有效的代币所取代'}
{'content': '\n'
            '据Dailyhodl报道，以太坊联合创始人JoeLubin认为，稳定币Tether最终会被更有效的价格稳定的代币所取代。他称MakerDAO的Dai和Circle的Centre是两个有力的竞争者，可以稳定数字货币生态系统。',
 'create_time': '23:25',
 'title': '以太坊联合创始人Joe Lubin：稳定币Tether会被更有效的代币所取代'}
2018-09-03 09:55:03 [scrapy.core.scraper] WARNING: Dropped: Duplicate item found: {'content': '\n'
            '据livebitcoinnews消息，使芬兰商人AarniOtaviSaarimaa损失2400万美元的泰国比特币诈骗案涉案人员JiratpisitJaravijit首次出庭，尽管执法部门说他们有证物，并对其进行了三个小时的审讯，JiratpisitJaravijit坚持称自己无罪。',
 'create_time': '22:49',
 'title': '泰国比特币诈骗案涉案人员Jiratpisit Jaravijit称其无罪'}
{'content': '\n'
            '据livebitcoinnews消息，使芬兰商人AarniOtaviSaarimaa损失2400万美元的泰国比特币诈骗案涉案人员JiratpisitJaravijit首次出庭，尽管执法部门说他们有证物，并对其进行了三个小时的审讯，JiratpisitJaravijit坚持称自己无罪。',
 'create_time': '22:49',
 'title': '泰国比特币诈骗案涉案人员Jiratpisit Jaravijit称其无罪'}
2018-09-03 09:55:03 [scrapy.core.scraper] WARNING: Dropped: Duplicate item found: {'content': '\n'
            '据BitcoinNewYorkTwitter，吴忌寒发表对CraigWright的言论，称其为下等人。吴忌寒表示CraigWright最近气急败坏的表现是因为事情超出了他的预料，因为其努力宣传，加之Coingeek算力上升，就提出恢复最初版本，意图让整个社区跟着他走。但到目前为止，并没有在吴忌寒本人的社交媒体上看到相关言论。《币世界》将持续关注此事进展。',
 'create_time': '22:40',
 'title': '吴忌寒：Craig Wright是下等人 事情超出了他的预料'}
{'content': '\n'
            '据BitcoinNewYorkTwitter，吴忌寒发表对CraigWright的言论，称其为下等人。吴忌寒表示CraigWright最近气急败坏的表现是因为事情超出了他的预料，因为其努力宣传，加之Coingeek算力上升，就提出恢复最初版本，意图让整个社区跟着他走。但到目前为止，并没有在吴忌寒本人的社交媒体上看到相关言论。《币世界》将持续关注此事进展。',
 'create_time': '22:40',
 'title': '吴忌寒：Craig Wright是下等人 事情超出了他的预料'}
2018-09-03 09:55:03 [scrapy.core.scraper] WARNING: Dropped: Duplicate item found: {'content': '\n'
            '据Bitcoin.com消息，华盛顿州格兰特县公用事业区（PUD）的委员们将对数字货币矿工加息，增加矿工挖矿成本。从明年开始，成本增加率为15％，次年为35％，之后为50％。该公用事业区补充说，“每年的增长量将根据不断变化的行业客户现在支付的费用（每千瓦时）与较高的目标费率之间的差异来计算。”',
 'create_time': '22:14',
 'title': '美国华盛顿州格兰特县对数字货币矿工加息'}
{'content': '\n'
            '据Bitcoin.com消息，华盛顿州格兰特县公用事业区（PUD）的委员们将对数字货币矿工加息，增加矿工挖矿成本。从明年开始，成本增加率为15％，次年为35％，之后为50％。该公用事业区补充说，“每年的增长量将根据不断变化的行业客户现在支付的费用（每千瓦时）与较高的目标费率之间的差异来计算。”',
 'create_time': '22:14',
 'title': '美国华盛顿州格兰特县对数字货币矿工加息'}
2018-09-03 09:55:03 [scrapy.core.scraper] WARNING: Dropped: Duplicate item found: {'content': '\n'
            '据Bravenewcoin消息，新西兰财经作者AndrewGillick认为，全球的资产及证券价格处于历史上的高位，其上涨潜力十分有限，而且泡沫终将随着“婴儿潮”一代的谢幕而破裂。对刚刚成长起来的千禧一代来说，数字货币可能是更好的投资机遇。',
 'create_time': '21:58',
 'title': '财经作者Andrew Gillick：数字货币是千禧一代的投资机遇'}
{'content': '\n'
            '据Bravenewcoin消息，新西兰财经作者AndrewGillick认为，全球的资产及证券价格处于历史上的高位，其上涨潜力十分有限，而且泡沫终将随着“婴儿潮”一代的谢幕而破裂。对刚刚成长起来的千禧一代来说，数字货币可能是更好的投资机遇。',
 'create_time': '21:58',
 'title': '财经作者Andrew Gillick：数字货币是千禧一代的投资机遇'}
2018-09-03 09:55:03 [scrapy.core.scraper] WARNING: Dropped: Duplicate item found: {'content': '\n据《币世界》行情显示，BTC刚刚短时下挫，跌破7200美元。BTC现报7194.75美元，涨幅0.39%。',
 'create_time': '21:55',
 'title': 'BTC短时下挫 跌破7200美元'}
{'content': '\n据《币世界》行情显示，BTC刚刚短时下挫，跌破7200美元。BTC现报7194.75美元，涨幅0.39%。',
 'create_time': '21:55',
 'title': 'BTC短时下挫 跌破7200美元'}
2018-09-03 09:55:03 [scrapy.core.scraper] WARNING: Dropped: Duplicate item found: {'content': '\n'
            'OathProtocol宣布获得火星共识实验室投资，双方达成战略合作关系。共识实验室合伙人及负责人任铮表示：“在共识实验的投资布局中，OathProtocol是区块链治理领域的代表项目，他们设计了完整而细致的治理机制，可以为其他项目提供安全可靠的治理和纠纷仲裁，可以成为区块链治理的标准方案。”',
 'create_time': '21:41',
 'title': 'Oath Protocol获共识实验室投资并成为其战略合作伙伴'}
{'content': '\n'
            'OathProtocol宣布获得火星共识实验室投资，双方达成战略合作关系。共识实验室合伙人及负责人任铮表示：“在共识实验的投资布局中，OathProtocol是区块链治理领域的代表项目，他们设计了完整而细致的治理机制，可以为其他项目提供安全可靠的治理和纠纷仲裁，可以成为区块链治理的标准方案。”',
 'create_time': '21:41',
 'title': 'Oath Protocol获共识实验室投资并成为其战略合作伙伴'}
2018-09-03 09:55:03 [scrapy.core.scraper] WARNING: Dropped: Duplicate item found: {'content': '\n'
            '据Blokt消息，Bitfi钱包再次被两个安全研究人员入侵，两人都声称他们使用冷启动攻击入侵钱包。此次攻击Bitfi钱包的安全研究员AndrewTierney也是上次攻破钱包的团队成员，他表示这种攻击既可靠又实用，不需要专业硬件。',
 'create_time': '21:18',
 'title': 'Bitfi钱包再次被攻破'}
{'content': '\n'
            '据Blokt消息，Bitfi钱包再次被两个安全研究人员入侵，两人都声称他们使用冷启动攻击入侵钱包。此次攻击Bitfi钱包的安全研究员AndrewTierney也是上次攻破钱包的团队成员，他表示这种攻击既可靠又实用，不需要专业硬件。',
 'create_time': '21:18',
 'title': 'Bitfi钱包再次被攻破'}
2018-09-03 09:55:03 [scrapy.core.scraper] WARNING: Dropped: Duplicate item found: {'content': '\n'
            '据安徽网消息，今日中科大在安徽合肥高新区举行了第四届金融前沿高峰论坛，展望区块链带来去中心化的未来世界前景。据了解，安徽省已有一些双创团队加入到区块链创新创业中。',
 'create_time': '20:34',
 'title': '中科大在安徽召开区块链科技前沿论坛 区块链成双创新热点'}
{'content': '\n'
            '据安徽网消息，今日中科大在安徽合肥高新区举行了第四届金融前沿高峰论坛，展望区块链带来去中心化的未来世界前景。据了解，安徽省已有一些双创团队加入到区块链创新创业中。',
 'create_time': '20:34',
 'title': '中科大在安徽召开区块链科技前沿论坛 区块链成双创新热点'}
2018-09-03 09:55:03 [scrapy.core.scraper] WARNING: Dropped: Duplicate item found: {'content': '\n'
            '据中证网消息，微众银行科技发展总监万磊近日接受采访时透露，目前微众银行孵化的区块链技术应用的项目大概有16项，且很多项目也是在实验进行的阶段。万磊同时指出，站在行业的高度看待区块链技术，其若想改变行业业态，还是缺少一个杀手级的项目。',
 'create_time': '19:42',
 'title': '微众银行万磊：微众银行孵化的区块链技术应用项目约16项'}
{'content': '\n'
            '据中证网消息，微众银行科技发展总监万磊近日接受采访时透露，目前微众银行孵化的区块链技术应用的项目大概有16项，且很多项目也是在实验进行的阶段。万磊同时指出，站在行业的高度看待区块链技术，其若想改变行业业态，还是缺少一个杀手级的项目。',
 'create_time': '19:42',
 'title': '微众银行万磊：微众银行孵化的区块链技术应用项目约16项'}
2018-09-03 09:55:03 [scrapy.core.scraper] WARNING: Dropped: Duplicate item found: {'content': '\n'
            '据重庆商报消息，近日，在重庆市区块链产业创新基地举行的首次企业沙龙活动上，迪肯（中国）区块链科技公司宣布将在渝中区美源大厦建立重庆首个区块链应用案例展示中心，一方面展示重庆区块链产业发展成果，另一方面向大众作区块链技术的科普。',
 'create_time': '19:40',
 'title': '重庆将建立区块链应用案例展示中心 向公众普及区块链'}
{'content': '\n'
            '据重庆商报消息，近日，在重庆市区块链产业创新基地举行的首次企业沙龙活动上，迪肯（中国）区块链科技公司宣布将在渝中区美源大厦建立重庆首个区块链应用案例展示中心，一方面展示重庆区块链产业发展成果，另一方面向大众作区块链技术的科普。',
 'create_time': '19:40',
 'title': '重庆将建立区块链应用案例展示中心 向公众普及区块链'}
2018-09-03 09:55:03 [scrapy.core.scraper] WARNING: Dropped: Duplicate item found: {'content': '\n'
            '调研链InsightChain（INB）发布BTC突破7200美元短期行情调研结果。本次共收集有效问卷100份，75%的投资者看好此次涨势，其中36%的投资者认为BTC将会有更大涨幅，39%的人认为在继续上涨之前会有短期回调。另外，有40%的投资者选择持仓待涨。最后，对于这波反弹势头的原因，34%的投资者认为是政策监管加强，区块链普及等积极因素，但也有24%的人认为是庄家在背后拉盘。',
 'create_time': '19:30',
 'title': 'Insight Chain发布BTC突破7200美元短期行情调研结果：超七成投资者看好此次涨势'}
{'content': '\n'
            '调研链InsightChain（INB）发布BTC突破7200美元短期行情调研结果。本次共收集有效问卷100份，75%的投资者看好此次涨势，其中36%的投资者认为BTC将会有更大涨幅，39%的人认为在继续上涨之前会有短期回调。另外，有40%的投资者选择持仓待涨。最后，对于这波反弹势头的原因，34%的投资者认为是政策监管加强，区块链普及等积极因素，但也有24%的人认为是庄家在背后拉盘。',
 'create_time': '19:30',
 'title': 'Insight Chain发布BTC突破7200美元短期行情调研结果：超七成投资者看好此次涨势'}
2018-09-03 09:55:03 [scrapy.core.scraper] WARNING: Dropped: Duplicate item found: {'content': '\n'
            '据Coingeek消息，在曼谷矿工会议上，与会BCH矿工达成了一致。他们认为现在的比特币并未能展示真正的力量，开发人员不应该仅仅把这当做一项科学实验，而应该确立其主体地位并围绕它激发一系列的创新大爆炸，就像早期互联网发生的那样。旨在锁定比特币原始协议的BitcoinSV正是这一战略的关键步骤。据悉，这次参会的矿工占到了BCH哈希值的50%以上。',
 'create_time': '19:17',
 'title': 'BCH矿工：比特币并未能展示真正的力量 应继续创新'}
{'content': '\n'
            '据Coingeek消息，在曼谷矿工会议上，与会BCH矿工达成了一致。他们认为现在的比特币并未能展示真正的力量，开发人员不应该仅仅把这当做一项科学实验，而应该确立其主体地位并围绕它激发一系列的创新大爆炸，就像早期互联网发生的那样。旨在锁定比特币原始协议的BitcoinSV正是这一战略的关键步骤。据悉，这次参会的矿工占到了BCH哈希值的50%以上。',
 'create_time': '19:17',
 'title': 'BCH矿工：比特币并未能展示真正的力量 应继续创新'}
2018-09-03 09:55:03 [scrapy.core.scraper] WARNING: Dropped: Duplicate item found: {'content': '\n'
            '在Reddit论坛上，有人发帖称比特币耶稣RogerVer在Twitter账号上取关了CraigWright，但RogerVer在该帖下回复称，自己没有取关CraigWright，是CraigWright把自己拉黑了。',
 'create_time': '19:10',
 'title': 'Roger Ver称Craig Wright拉黑其Twitter账号'}
{'content': '\n'
            '在Reddit论坛上，有人发帖称比特币耶稣RogerVer在Twitter账号上取关了CraigWright，但RogerVer在该帖下回复称，自己没有取关CraigWright，是CraigWright把自己拉黑了。',
 'create_time': '19:10',
 'title': 'Roger Ver称Craig Wright拉黑其Twitter账号'}
2018-09-03 09:55:03 [scrapy.core.scraper] WARNING: Dropped: Duplicate item found: {'content': '\n'
            '据《币世界》行情显示，狗狗币现均价0.0048美元，24小时跌幅12.55%。此前，狗狗币宣布9月5日发行通证meme-dcoin以充当桥梁连接以太坊网络后呈持续上升态势，24小时涨幅一度超过60%。',
 'create_time': '18:48',
 'title': '狗狗币24小时跌幅超10% 领跌市值前百币种'}
{'content': '\n'
            '据《币世界》行情显示，狗狗币现均价0.0048美元，24小时跌幅12.55%。此前，狗狗币宣布9月5日发行通证meme-dcoin以充当桥梁连接以太坊网络后呈持续上升态势，24小时涨幅一度超过60%。',
 'create_time': '18:48',
 'title': '狗狗币24小时跌幅超10% 领跌市值前百币种'}
2018-09-03 09:55:03 [scrapy.core.scraper] WARNING: Dropped: Duplicate item found: {'content': '\n'
            '据Bitcoinnews报道，拥有8.2万名粉丝的数字货币相关的Twitter账户Crypto_Bitlord表示，他被要求以657个比特币（约470万美元）的价格出售账户。该帐户所有者声称，他现在是第5个卖掉数字货币相关Twitter的帐户。',
 'create_time': '18:24',
 'title': '数字货币相关Twitter账户以数百万美元的价格被出售'}
{'content': '\n'
            '据Bitcoinnews报道，拥有8.2万名粉丝的数字货币相关的Twitter账户Crypto_Bitlord表示，他被要求以657个比特币（约470万美元）的价格出售账户。该帐户所有者声称，他现在是第5个卖掉数字货币相关Twitter的帐户。',
 'create_time': '18:24',
 'title': '数字货币相关Twitter账户以数百万美元的价格被出售'}
2018-09-03 09:55:03 [scrapy.core.scraper] WARNING: Dropped: Duplicate item found: {'content': '\n'
            '据Bitcoin.com报道，韩国议员JungByung-guk提议指定一个针对ICO的无监管的特殊加密区或测试区域，以进行各种实验。',
 'create_time': '17:55',
 'title': '韩国议员提议为ICO建立特殊加密区'}
{'content': '\n'
            '据Bitcoin.com报道，韩国议员JungByung-guk提议指定一个针对ICO的无监管的特殊加密区或测试区域，以进行各种实验。',
 'create_time': '17:55',
 'title': '韩国议员提议为ICO建立特殊加密区'}
2018-09-03 09:55:03 [scrapy.core.scraper] WARNING: Dropped: Duplicate item found: {'content': '\n'
            '据金融界报道，由中国金融四十人论坛和金融城主办的第三届全球金融科技（北京）峰会揭晓了“第三届金融科技创新案例评选”的十佳案例获奖名单。其中农业银行成功上榜。农业银行基于农商系电商平台，创新地将区块链技术应用于供应链金融中，开创了传统银行服务三农的新模式。',
 'create_time': '17:42',
 'title': '农业银行将区块链技术应用于供应链金融中 入选金融科技创新案例'}
{'content': '\n'
            '据金融界报道，由中国金融四十人论坛和金融城主办的第三届全球金融科技（北京）峰会揭晓了“第三届金融科技创新案例评选”的十佳案例获奖名单。其中农业银行成功上榜。农业银行基于农商系电商平台，创新地将区块链技术应用于供应链金融中，开创了传统银行服务三农的新模式。',
 'create_time': '17:42',
 'title': '农业银行将区块链技术应用于供应链金融中 入选金融科技创新案例'}
2018-09-03 09:55:03 [scrapy.core.scraper] WARNING: Dropped: Duplicate item found: {'content': '\n据《币世界》行情显示，BTC刚刚再次突破7300美元。BTC现报7303.31美元，涨幅1.89%。',
 'create_time': '17:28',
 'title': 'BTC再次突破7300美元'}
{'content': '\n据《币世界》行情显示，BTC刚刚再次突破7300美元。BTC现报7303.31美元，涨幅1.89%。',
 'create_time': '17:28',
 'title': 'BTC再次突破7300美元'}
2018-09-03 09:55:03 [scrapy.core.scraper] WARNING: Dropped: Duplicate item found: {'content': '\n'
            '据Ruff官方消息，其物联网操作系统RuffOS已搭载到恩智浦（纳斯达克代码：NXPI）的RT1050型号的芯片板上并成功运行。据介绍，RuffOS是RuffChain自研的开源分布式操作系统，主要提供给开发者开发物联网应用。',
 'create_time': '17:05',
 'title': '恩智浦RT1050芯片板搭载Ruff OS系统'}
{'content': '\n'
            '据Ruff官方消息，其物联网操作系统RuffOS已搭载到恩智浦（纳斯达克代码：NXPI）的RT1050型号的芯片板上并成功运行。据介绍，RuffOS是RuffChain自研的开源分布式操作系统，主要提供给开发者开发物联网应用。',
 'create_time': '17:05',
 'title': '恩智浦RT1050芯片板搭载Ruff OS系统'}
2018-09-03 09:55:03 [scrapy.core.scraper] WARNING: Dropped: Duplicate item found: {'content': '\n'
            '据cryptoglobe消息，爱沙尼亚数字货币支付处理器Paytomat将促进欧洲各地的商家接受数字货币支付，支持的数字货币包括BTC、BCH、ETH、LTC、EOS、DASH、XEM等13种。目前，欧洲六个国家(乌克兰、格鲁吉亚、荷兰、捷克共和国、保加利亚、波兰)的329多家商户正在使用Paytomat进行数字货币支付。',
 'create_time': '17:02',
 'title': '欧洲六国商家开始支持数字货币支付'}
{'content': '\n'
            '据cryptoglobe消息，爱沙尼亚数字货币支付处理器Paytomat将促进欧洲各地的商家接受数字货币支付，支持的数字货币包括BTC、BCH、ETH、LTC、EOS、DASH、XEM等13种。目前，欧洲六个国家(乌克兰、格鲁吉亚、荷兰、捷克共和国、保加利亚、波兰)的329多家商户正在使用Paytomat进行数字货币支付。',
 'create_time': '17:02',
 'title': '欧洲六国商家开始支持数字货币支付'}
2018-09-03 09:55:03 [scrapy.core.scraper] WARNING: Dropped: Duplicate item found: {'content': '\n'
            '根据Btcmanager消息，通讯公司Line欲采用区块链技术和通证模式改造其通讯业务，通过奖励积极用户，促进公司平台生态发展。Line首席执行官TakeshiIdezawa表示：“在过去七年中，由于我们的用户，Line才得以发展成为一项全球服务。现在，我们希望建立一个奖励系统来回馈用户。”',
 'create_time': '16:55',
 'title': '通讯公司Line应用区块链技术和通证模式建立回馈系统'}
{'content': '\n'
            '根据Btcmanager消息，通讯公司Line欲采用区块链技术和通证模式改造其通讯业务，通过奖励积极用户，促进公司平台生态发展。Line首席执行官TakeshiIdezawa表示：“在过去七年中，由于我们的用户，Line才得以发展成为一项全球服务。现在，我们希望建立一个奖励系统来回馈用户。”',
 'create_time': '16:55',
 'title': '通讯公司Line应用区块链技术和通证模式建立回馈系统'}
2018-09-03 09:55:03 [scrapy.core.scraper] WARNING: Dropped: Duplicate item found: {'content': '\n据《币世界》行情显示，BTC刚刚短时迅速拉升，突破7300美元后回落。BTC现报7293.96美元，涨幅1.70%。',
 'create_time': '16:43',
 'title': 'BTC短时拉升 突破7300美元后回落'}
{'content': '\n据《币世界》行情显示，BTC刚刚短时迅速拉升，突破7300美元后回落。BTC现报7293.96美元，涨幅1.70%。',
 'create_time': '16:43',
 'title': 'BTC短时拉升 突破7300美元后回落'}
2018-09-03 09:55:03 [scrapy.core.scraper] WARNING: Dropped: Duplicate item found: {'content': '\n'
            '根据Businessinsider消息，近日，互联网安全公司ESET的专家表示，如果手机在没有缘由的情况下发生过热、运行缓慢或是电量快速耗尽的状况，那么很可能是遭到了恶意挖矿软件的攻击，这将对设备产生永久性的损坏。对此，专家提示可以随时更新操作系统和应用程序至最新版本，或避免安装未知来源的应用程序来确保设备的安全。',
 'create_time': '16:32',
 'title': '互联网安全专家：手机发生过热等状况很可能是遭到恶意挖矿软件的攻击'}
{'content': '\n'
            '根据Businessinsider消息，近日，互联网安全公司ESET的专家表示，如果手机在没有缘由的情况下发生过热、运行缓慢或是电量快速耗尽的状况，那么很可能是遭到了恶意挖矿软件的攻击，这将对设备产生永久性的损坏。对此，专家提示可以随时更新操作系统和应用程序至最新版本，或避免安装未知来源的应用程序来确保设备的安全。',
 'create_time': '16:32',
 'title': '互联网安全专家：手机发生过热等状况很可能是遭到恶意挖矿软件的攻击'}
2018-09-03 09:55:03 [scrapy.core.scraper] WARNING: Dropped: Duplicate item found: {'content': '\n'
            '据Ambcrypto报道，英国数字货币交易服务商CryptoFacilities最近宣布他们将推出BTC、ETH、LTC、BCH和XRP的新期货合约。他们表示，这些合同将是永久性的。',
 'create_time': '15:53',
 'title': 'Crypto Facilities推出多个数字货币永久性期货合约'}
{'content': '\n'
            '据Ambcrypto报道，英国数字货币交易服务商CryptoFacilities最近宣布他们将推出BTC、ETH、LTC、BCH和XRP的新期货合约。他们表示，这些合同将是永久性的。',
 'create_time': '15:53',
 'title': 'Crypto Facilities推出多个数字货币永久性期货合约'}
2018-09-03 09:55:03 [scrapy.core.scraper] WARNING: Dropped: Duplicate item found: {'content': '\n'
            '据时代财经消息，苏宁金融研究院特约研究员江翰表示，在互联网国际化这样一个大背景下，某种意义上数字货币已经超越了国界的概念，单个国家想实现对数字货币的绝对控制是不容易的。但一些数字货币，特别是空气币、问题币，其本质更像是一场击鼓传花的游戏，是彻底的金融骗局，尽管监管起来有困难，但十分有必要。',
 'create_time': '15:39',
 'title': '苏宁金融研究员：数字货币控制不易，监管有必要'}
{'content': '\n'
            '据时代财经消息，苏宁金融研究院特约研究员江翰表示，在互联网国际化这样一个大背景下，某种意义上数字货币已经超越了国界的概念，单个国家想实现对数字货币的绝对控制是不容易的。但一些数字货币，特别是空气币、问题币，其本质更像是一场击鼓传花的游戏，是彻底的金融骗局，尽管监管起来有困难，但十分有必要。',
 'create_time': '15:39',
 'title': '苏宁金融研究员：数字货币控制不易，监管有必要'}
2018-09-03 09:55:03 [scrapy.core.scraper] WARNING: Dropped: Duplicate item found: {'content': '\n'
            '据Bitcoinexchangeguide消息，目前至少有6家慈善机构接受BTC捐赠。它们是，芝加哥愿望基金（ChicagoWishFoundation）、纳米技术教育基金会OmniNano、性交易的受害者援救基金会Run2Rescue、爱之歌（SongofLove）基金会、非洲职业技能培训机构TunaPanda、全球医疗保健众筹平台Watski。',
 'create_time': '14:50',
 'title': '目前至少有6家慈善机构接受BTC捐赠'}
{'content': '\n'
            '据Bitcoinexchangeguide消息，目前至少有6家慈善机构接受BTC捐赠。它们是，芝加哥愿望基金（ChicagoWishFoundation）、纳米技术教育基金会OmniNano、性交易的受害者援救基金会Run2Rescue、爱之歌（SongofLove）基金会、非洲职业技能培训机构TunaPanda、全球医疗保健众筹平台Watski。',
 'create_time': '14:50',
 'title': '目前至少有6家慈善机构接受BTC捐赠'}
2018-09-03 09:55:03 [scrapy.core.scraper] WARNING: Dropped: Duplicate item found: {'content': '\n'
            '据Thejournal消息，美国数字货币交易所Coinbase正计划在爱尔兰首都都柏林设置一个办事处。目前已开始招聘办公室经理等职位。据了解，Coinbase于今年7月份在当地成立了子公司CoinbaseIrelandLimited。爱尔兰政府机构IDA对Coinbase面向当地市场的前期调研也给予了支持。但IDA表示，对Coinbase在本国的业务开展和团队规模等事项，不予置评。',
 'create_time': '14:40',
 'title': 'Coinbase计划在爱尔兰首都都柏林设置办事处'}
{'content': '\n'
            '据Thejournal消息，美国数字货币交易所Coinbase正计划在爱尔兰首都都柏林设置一个办事处。目前已开始招聘办公室经理等职位。据了解，Coinbase于今年7月份在当地成立了子公司CoinbaseIrelandLimited。爱尔兰政府机构IDA对Coinbase面向当地市场的前期调研也给予了支持。但IDA表示，对Coinbase在本国的业务开展和团队规模等事项，不予置评。',
 'create_time': '14:40',
 'title': 'Coinbase计划在爱尔兰首都都柏林设置办事处'}
2018-09-03 09:55:03 [scrapy.core.scraper] WARNING: Dropped: Duplicate item found: {'content': '\n据马耳他时报消息，美国数字资产交易所Bittrex近日收购了马耳他区块链公司Palladium10％的股权。',
 'create_time': '14:28',
 'title': 'Bittrex收购马耳他区块链公司Palladium10％的股权'}
{'content': '\n据马耳他时报消息，美国数字资产交易所Bittrex近日收购了马耳他区块链公司Palladium10％的股权。',
 'create_time': '14:28',
 'title': 'Bittrex收购马耳他区块链公司Palladium10％的股权'}
2018-09-03 09:55:03 [scrapy.core.scraper] WARNING: Dropped: Duplicate item found: {'content': '\n'
            '据TheNational消息，一位法籍人士拿出367000迪拉姆（约99912美元）的贷款来投资数字货币。可是此后货币的价值跌至略高于110000迪拉姆（约29946美元）的水平。在未来的三年里，这位法国人每月必须向银行支付8000迪拉姆（约2178美元）。这位投资者对媒体表示，希望自己的经历能够给其他投资者带来警告。',
 'create_time': '13:44',
 'title': '法籍人士巨额贷款投资数字货币 暴跌后负债数万美元'}
{'content': '\n'
            '据TheNational消息，一位法籍人士拿出367000迪拉姆（约99912美元）的贷款来投资数字货币。可是此后货币的价值跌至略高于110000迪拉姆（约29946美元）的水平。在未来的三年里，这位法国人每月必须向银行支付8000迪拉姆（约2178美元）。这位投资者对媒体表示，希望自己的经历能够给其他投资者带来警告。',
 'create_time': '13:44',
 'title': '法籍人士巨额贷款投资数字货币 暴跌后负债数万美元'}
2018-09-03 09:55:03 [scrapy.core.scraper] WARNING: Dropped: Duplicate item found: {'content': '\n'
            '据Bitcoinexchangeguide消息，EcobankTransnational（非洲泛非经济银行集团）近日发布的一份报告称，包含在其经营范围内的36个非洲国家中，只有两个国家（南非和斯威士兰）宣布对数字货币和区块链技术采取友好态度，纳米比亚是唯一一个彻底禁止数字货币的国家。大多数非洲国家考虑其存在潜在风险，并未在政策层面明确态度，仍然保留将数字货币的使用合法化。该报告继续指出，大多数非洲国家都倾向于采用耐心的方法来监管这些数字资产。',
 'create_time': '13:32',
 'title': '报告：大多数非洲国家允许数字货币使用但政策模糊'}
{'content': '\n'
            '据Bitcoinexchangeguide消息，EcobankTransnational（非洲泛非经济银行集团）近日发布的一份报告称，包含在其经营范围内的36个非洲国家中，只有两个国家（南非和斯威士兰）宣布对数字货币和区块链技术采取友好态度，纳米比亚是唯一一个彻底禁止数字货币的国家。大多数非洲国家考虑其存在潜在风险，并未在政策层面明确态度，仍然保留将数字货币的使用合法化。该报告继续指出，大多数非洲国家都倾向于采用耐心的方法来监管这些数字资产。',
 'create_time': '13:32',
 'title': '报告：大多数非洲国家允许数字货币使用但政策模糊'}
2018-09-03 09:55:03 [scrapy.core.scraper] WARNING: Dropped: Duplicate item found: {'content': '\n'
            '自昨日晚间10时起，BCH快速拉升630美元附近。今日凌晨4时起震荡上行。据《币世界》行情显示，BCH现价652.88美元，涨幅6.02%。',
 'create_time': '13:25',
 'title': 'BCH强势反弹 已突破650美元关口'}
{'content': '\n'
            '自昨日晚间10时起，BCH快速拉升630美元附近。今日凌晨4时起震荡上行。据《币世界》行情显示，BCH现价652.88美元，涨幅6.02%。',
 'create_time': '13:25',
 'title': 'BCH强势反弹 已突破650美元关口'}
2018-09-03 09:55:03 [scrapy.core.scraper] WARNING: Dropped: Duplicate item found: {'content': '\n'
            '据CNBC消息，对冲基金公司GenesisGlobalTrading首席执行官MichaelMoro在专访中表示，比特币的熊市可能将要结束，并且其价格将达到1万美元。他还谈到，目前比特币由熊转牛的最大不确定性在于比特币ETF再次被拒。按照MichaelMoro的说法，如果比特币价格能在未来一到两周内维持在7000美元或更高的水平，那么比特币多头将全面回归。',
 'create_time': '12:59',
 'title': 'Genesis Global Trading首席执行官：比特币或突破1万美元 熊市可能结束'}
{'content': '\n'
            '据CNBC消息，对冲基金公司GenesisGlobalTrading首席执行官MichaelMoro在专访中表示，比特币的熊市可能将要结束，并且其价格将达到1万美元。他还谈到，目前比特币由熊转牛的最大不确定性在于比特币ETF再次被拒。按照MichaelMoro的说法，如果比特币价格能在未来一到两周内维持在7000美元或更高的水平，那么比特币多头将全面回归。',
 'create_time': '12:59',
 'title': 'Genesis Global Trading首席执行官：比特币或突破1万美元 熊市可能结束'}
2018-09-03 09:55:03 [scrapy.core.scraper] WARNING: Dropped: Duplicate item found: {'content': '\n'
            '调研链InsightChain发布“雅虎财经宣布支持BTC、ETH及LTC交易”热点调研结果。本次共在InsightDApp内收集有效问卷100份，其中47%的投资者表示此举能够使大众认为数字货币更加正规，扭转消极看法。另一方面，有35%的投资者认为此举会助涨上述三个币种的币价。此外，有34%的投资者认为雅虎财经如果上线交易所则有望成为权威交易所。最后，58%的投资者对雅虎财经能否如期退出交易所持观望态度，34%的用户认为雅虎财经推出交易所难度较小。',
 'create_time': '12:49',
 'title': 'Insight Chain发布“雅虎财经宣布支持部分数字货币交易”热点调研结果：近半投资者认为有利于改变大众认知'}
{'content': '\n'
            '调研链InsightChain发布“雅虎财经宣布支持BTC、ETH及LTC交易”热点调研结果。本次共在InsightDApp内收集有效问卷100份，其中47%的投资者表示此举能够使大众认为数字货币更加正规，扭转消极看法。另一方面，有35%的投资者认为此举会助涨上述三个币种的币价。此外，有34%的投资者认为雅虎财经如果上线交易所则有望成为权威交易所。最后，58%的投资者对雅虎财经能否如期退出交易所持观望态度，34%的用户认为雅虎财经推出交易所难度较小。',
 'create_time': '12:49',
 'title': 'Insight Chain发布“雅虎财经宣布支持部分数字货币交易”热点调研结果：近半投资者认为有利于改变大众认知'}
2018-09-03 09:55:03 [scrapy.core.scraper] WARNING: Dropped: Duplicate item found: {'content': '\n'
            '据上海证券报消息，银保监会国际部负责人范文仲近日表示，在直接融资方面，区块链和人工智能正在推动资本市场变革。可以预测的是，未来更多权属类的资产可以在一个快捷的平台上进行交易。',
 'create_time': '12:45',
 'title': '银保监会范文仲：区块链和人工智能正在推动资本市场变革'}
{'content': '\n'
            '据上海证券报消息，银保监会国际部负责人范文仲近日表示，在直接融资方面，区块链和人工智能正在推动资本市场变革。可以预测的是，未来更多权属类的资产可以在一个快捷的平台上进行交易。',
 'create_time': '12:45',
 'title': '银保监会范文仲：区块链和人工智能正在推动资本市场变革'}
2018-09-03 09:55:03 [scrapy.core.scraper] WARNING: Dropped: Duplicate item found: {'content': '\n'
            '据数据网站Fork.lol的统计数据显示，BCH矿工24小时内已处理了200多万笔交易，超过了Ripple和以太坊网络的24小时交易记录。矿工也有史以来第一次开采超过8MB的区块，在压力测试的当天，有大量4-8MB的区块，甚至最大的达到15.2MB大小。',
 'create_time': '12:29',
 'title': 'BCH压力测试：24小时内确认200多万笔交易'}
{'content': '\n'
            '据数据网站Fork.lol的统计数据显示，BCH矿工24小时内已处理了200多万笔交易，超过了Ripple和以太坊网络的24小时交易记录。矿工也有史以来第一次开采超过8MB的区块，在压力测试的当天，有大量4-8MB的区块，甚至最大的达到15.2MB大小。',
 'create_time': '12:29',
 'title': 'BCH压力测试：24小时内确认200多万笔交易'}
2018-09-03 09:55:03 [scrapy.core.scraper] WARNING: Dropped: Duplicate item found: {'content': '\n今日午间，BTC震荡上行，现报7209.08美元，涨幅0.59%,主流币涨多跌少。',
 'create_time': '12:12',
 'title': '币世界午行情：BTC震荡上行 主流币涨多跌少'}
{'content': '\n今日午间，BTC震荡上行，现报7209.08美元，涨幅0.59%,主流币涨多跌少。',
 'create_time': '12:12',
 'title': '币世界午行情：BTC震荡上行 主流币涨多跌少'}
2018-09-03 09:55:03 [scrapy.core.scraper] WARNING: Dropped: Duplicate item found: {'content': '\n'
            '据币客BKEX官网公告，其将于9月2日14:00开放ELF充值；9月3日12:00开放ELF/USDT、ELF/ETH交易，并同时开放提现功能。',
 'create_time': '11:59',
 'title': '币客BKEX将于9月3日12:00开放ELF交易'}
{'content': '\n'
            '据币客BKEX官网公告，其将于9月2日14:00开放ELF充值；9月3日12:00开放ELF/USDT、ELF/ETH交易，并同时开放提现功能。',
 'create_time': '11:59',
 'title': '币客BKEX将于9月3日12:00开放ELF交易'}
2018-09-03 09:55:03 [scrapy.core.scraper] WARNING: Dropped: Duplicate item found: {'content': '\n'
            '据Ambcrypto消息，区块链矿业公司Coingeek创始人CalvinAyre和BCH支持者联合发文，并对比特币ABC及其实施虫洞模型的新想法做出批判。他认为虫洞的模型在经济上存在缺陷。另外，CalvinAyre还指责矿业公司比特大陆，称其为区块链公司Blockstream的盟友。',
 'create_time': '11:56',
 'title': 'Coingeek创始人Calvin Ayre：虫洞模型在经济上存在缺陷'}
{'content': '\n'
            '据Ambcrypto消息，区块链矿业公司Coingeek创始人CalvinAyre和BCH支持者联合发文，并对比特币ABC及其实施虫洞模型的新想法做出批判。他认为虫洞的模型在经济上存在缺陷。另外，CalvinAyre还指责矿业公司比特大陆，称其为区块链公司Blockstream的盟友。',
 'create_time': '11:56',
 'title': 'Coingeek创始人Calvin Ayre：虫洞模型在经济上存在缺陷'}
2018-09-03 09:55:03 [scrapy.core.scraper] WARNING: Dropped: Duplicate item found: {'content': '\n'
            '行情显示，BTC自凌晨1时起小幅上扬。市场整体跟随其上涨，主流币普涨。其中，BTC暂报7155美元（+1.53%）、BCH暂报613美元（+12.08%）、ETC暂报13.12美元（+1.56%）、ETH暂报293美元（+2.86%）、LTC暂报65.35美元（+2.73%）。市值前百币种87涨13跌，涨幅前三为DOGE(+38.18%)、NXS(+21.24%)、XVG(20.16%);跌幅前三为GXS（-3.25%）、ODE（-3.17%）、BITB（-2.85%）。',
 'create_time': '11:39',
 'title': '市场整体上扬 主流币普涨'}
{'content': '\n'
            '行情显示，BTC自凌晨1时起小幅上扬。市场整体跟随其上涨，主流币普涨。其中，BTC暂报7155美元（+1.53%）、BCH暂报613美元（+12.08%）、ETC暂报13.12美元（+1.56%）、ETH暂报293美元（+2.86%）、LTC暂报65.35美元（+2.73%）。市值前百币种87涨13跌，涨幅前三为DOGE(+38.18%)、NXS(+21.24%)、XVG(20.16%);跌幅前三为GXS（-3.25%）、ODE（-3.17%）、BITB（-2.85%）。',
 'create_time': '11:39',
 'title': '市场整体上扬 主流币普涨'}
2018-09-03 09:55:03 [scrapy.core.scraper] WARNING: Dropped: Duplicate item found: {'content': '\n'
            '据数字货币指标对比网站fork.lol的数据显示，北京时间9月2日9点30分，BCH平均每个区块的交易笔数为26233，为同一时段BTC交易笔数的20倍以上，后者的这一数字为1284.93。BCH的交易笔数自8月31日以来不断攀升。而在此之前，BTC平均每个区块的交易笔数为BCH的10倍。',
 'create_time': '10:36',
 'title': 'BCH平均每个区块的交易笔数为26233 为BTC的20倍以上'}
{'content': '\n'
            '据数字货币指标对比网站fork.lol的数据显示，北京时间9月2日9点30分，BCH平均每个区块的交易笔数为26233，为同一时段BTC交易笔数的20倍以上，后者的这一数字为1284.93。BCH的交易笔数自8月31日以来不断攀升。而在此之前，BTC平均每个区块的交易笔数为BCH的10倍。',
 'create_time': '10:36',
 'title': 'BCH平均每个区块的交易笔数为26233 为BTC的20倍以上'}
2018-09-03 09:55:03 [scrapy.core.scraper] WARNING: Dropped: Duplicate item found: {'content': '\n'
            '据newsnow消息，东京东北部的茨城县筑波市引入了基于日本Mynumber的识别系统和区块链技术的新在线投票系统。选民将自己的Mynumber卡放在读卡器上，之后在计算机显示器上投票。据市政府称，筑波是日本第一个引入这种在线投票系统的城市。',
 'create_time': '10:09',
 'title': '日本筑波引入基于区块链的在线投票系统'}
{'content': '\n'
            '据newsnow消息，东京东北部的茨城县筑波市引入了基于日本Mynumber的识别系统和区块链技术的新在线投票系统。选民将自己的Mynumber卡放在读卡器上，之后在计算机显示器上投票。据市政府称，筑波是日本第一个引入这种在线投票系统的城市。',
 'create_time': '10:09',
 'title': '日本筑波引入基于区块链的在线投票系统'}
2018-09-03 09:55:03 [scrapy.core.scraper] WARNING: Dropped: Duplicate item found: {'content': '\nPDX今日凌晨起大幅拉升，最高涨至0.018元，涨幅105%。PDX现报0.0121元，涨幅35.95%。',
 'create_time': '09:46',
 'title': 'PDX大幅拉升 涨幅35.95%'}
{'content': '\nPDX今日凌晨起大幅拉升，最高涨至0.018元，涨幅105%。PDX现报0.0121元，涨幅35.95%。',
 'create_time': '09:46',
 'title': 'PDX大幅拉升 涨幅35.95%'}
2018-09-03 09:55:03 [scrapy.core.scraper] WARNING: Dropped: Duplicate item found: {'content': '\n'
            '根据BitInfoCharts的数据，9月1日，总共有9677位比特币转帐到一个地址。据了解，该地址为Bitfinex的ColdWallet。目前，这个名为3d2oetdnuzuqqhpjmcmddhyoqnvsfk9r的地址以1.12%的份额高居比特币富豪榜榜首。',
 'create_time': '09:37',
 'title': 'Bitfinex Cold Wallet收到9677位比特币转帐 高居比特币富豪榜榜首'}
{'content': '\n'
            '根据BitInfoCharts的数据，9月1日，总共有9677位比特币转帐到一个地址。据了解，该地址为Bitfinex的ColdWallet。目前，这个名为3d2oetdnuzuqqhpjmcmddhyoqnvsfk9r的地址以1.12%的份额高居比特币富豪榜榜首。',
 'create_time': '09:37',
 'title': 'Bitfinex Cold Wallet收到9677位比特币转帐 高居比特币富豪榜榜首'}
2018-09-03 09:55:03 [scrapy.core.scraper] WARNING: Dropped: Duplicate item found: {'content': '\n'
            '据闪电网络浏览器1ml.com数据显示，目前闪电网络节点总计3325个，上涨10.39%；共形成11826条通道，上涨29.5%。目前整个闪电网络承载能力突破90个BTC，暂报97.08BTC。据《币世界》行情显示，BTC目前全球均价为7155.14美元，跌幅0.17%。',
 'create_time': '09:18',
 'title': '闪电网络通道数增加29.5% 突破1.1万条'}
{'content': '\n'
            '据闪电网络浏览器1ml.com数据显示，目前闪电网络节点总计3325个，上涨10.39%；共形成11826条通道，上涨29.5%。目前整个闪电网络承载能力突破90个BTC，暂报97.08BTC。据《币世界》行情显示，BTC目前全球均价为7155.14美元，跌幅0.17%。',
 'create_time': '09:18',
 'title': '闪电网络通道数增加29.5% 突破1.1万条'}
2018-09-03 09:55:03 [scrapy.core.scraper] WARNING: Dropped: Duplicate item found: {'content': '\n'
            '据福布斯消息，美国俄亥俄州律师AndrewRossow近日发文称，区块链技术可评估奢侈品市场。区块链技术可帮助奢侈品市场实施公平的定价机制，建立透明、标注化的公平定价指数；区块链技术可识别假冒商品。',
 'create_time': '09:14',
 'title': '美国律师：区块链技术可评估奢侈品市场'}
{'content': '\n'
            '据福布斯消息，美国俄亥俄州律师AndrewRossow近日发文称，区块链技术可评估奢侈品市场。区块链技术可帮助奢侈品市场实施公平的定价机制，建立透明、标注化的公平定价指数；区块链技术可识别假冒商品。',
 'create_time': '09:14',
 'title': '美国律师：区块链技术可评估奢侈品市场'}
2018-09-03 09:55:03 [scrapy.core.scraper] WARNING: Dropped: Duplicate item found: {'content': '\n'
            '据光明网消息，渝中区经信委相关负责人近日表示，重庆市区块链产业创新基地内的区块链企业北京太一云科技公司将与渝中区政府合作，帮助渝中区食药监部门用区块链技术打造一个食药品追溯平台，帮助渝中区政府加强食药品的安全监管。',
 'create_time': '08:26',
 'title': '渝中区政府与区块链企业合作 打造食药品追溯平台'}
{'content': '\n'
            '据光明网消息，渝中区经信委相关负责人近日表示，重庆市区块链产业创新基地内的区块链企业北京太一云科技公司将与渝中区政府合作，帮助渝中区食药监部门用区块链技术打造一个食药品追溯平台，帮助渝中区政府加强食药品的安全监管。',
 'create_time': '08:26',
 'title': '渝中区政府与区块链企业合作 打造食药品追溯平台'}
2018-09-03 09:55:03 [scrapy.core.scraper] WARNING: Dropped: Duplicate item found: {'content': '\n1.支付清算协会正在制定金融区块链标准。',
 'create_time': '07:28',
 'title': '币世界早间内参：支付清算协会正在制定金融区块链标准 北京发布金融突发事件应急预案'}
{'content': '\n1.支付清算协会正在制定金融区块链标准。',
 'create_time': '07:28',
 'title': '币世界早间内参：支付清算协会正在制定金融区块链标准 北京发布金融突发事件应急预案'}
2018-09-03 09:55:03 [scrapy.core.scraper] WARNING: Dropped: Duplicate item found: {'content': '\n'
            '今日早间，BTC拉升至7250美元后小幅下滑，现于7200美元附近波动。BTC现报7192.62美元，涨幅0.77%,主流币跌多涨少。',
 'create_time': '07:21',
 'title': '币世界早行情：BTC于7200美元附近波动 主流币跌多涨少'}
{'content': '\n'
            '今日早间，BTC拉升至7250美元后小幅下滑，现于7200美元附近波动。BTC现报7192.62美元，涨幅0.77%,主流币跌多涨少。',
 'create_time': '07:21',
 'title': '币世界早行情：BTC于7200美元附近波动 主流币跌多涨少'}
2018-09-03 09:55:03 [scrapy.core.scraper] WARNING: Dropped: Duplicate item found: {'content': '\n'
            '据Businessinsider报道，Fundstrat创始人TomLee认为，期货让投资者有机会押注资产的未来价格。CBOE和CME推出BTC期货，推动比特币在去年12月底创下历史新高。但是，在BTC期货上线后，比特币价格下跌，自2017年底创下历史新高以来下跌超过70％。ETH期货可能会对其价格产生类似的影响。另外，对BTC可能是一件好事，因为可以缓解对比特币做空的压力。',
 'create_time': '06:34',
 'title': 'Tom Lee：以太坊期货对ETH可能是一件坏事 ，对BTC可能是一件好事'}
{'content': '\n'
            '据Businessinsider报道，Fundstrat创始人TomLee认为，期货让投资者有机会押注资产的未来价格。CBOE和CME推出BTC期货，推动比特币在去年12月底创下历史新高。但是，在BTC期货上线后，比特币价格下跌，自2017年底创下历史新高以来下跌超过70％。ETH期货可能会对其价格产生类似的影响。另外，对BTC可能是一件好事，因为可以缓解对比特币做空的压力。',
 'create_time': '06:34',
 'title': 'Tom Lee：以太坊期货对ETH可能是一件坏事 ，对BTC可能是一件好事'}
2018-09-03 09:55:03 [scrapy.core.scraper] WARNING: Dropped: Duplicate item found: {'content': '\n'
            '据Bitcoin.com报道，津巴布韦央行禁令发布后，南非数字货币交易所Golix在津巴布韦境内的比特币ATM机不再提供现金和数字货币间交易。Golix发言人NhlalwenhleNgwenya拒绝就任何运营问题发表评论，声称此类事宜仍在诉讼中。据悉，6月份，津巴布韦央行提交反对法院文件，将继续禁止数字货币交易公司Golix与银行业务的往来。央行表示通过正规的银行渠道继续处理数字货币交易给金融体系带来风险，而且Golix的数字货币交易平台没有注册或监管，其所经营的业务也需要经过央行许可。',
 'create_time': '06:06',
 'title': 'Golix的比特币ATM机不再提供现金和数字货币间交易'}
{'content': '\n'
            '据Bitcoin.com报道，津巴布韦央行禁令发布后，南非数字货币交易所Golix在津巴布韦境内的比特币ATM机不再提供现金和数字货币间交易。Golix发言人NhlalwenhleNgwenya拒绝就任何运营问题发表评论，声称此类事宜仍在诉讼中。据悉，6月份，津巴布韦央行提交反对法院文件，将继续禁止数字货币交易公司Golix与银行业务的往来。央行表示通过正规的银行渠道继续处理数字货币交易给金融体系带来风险，而且Golix的数字货币交易平台没有注册或监管，其所经营的业务也需要经过央行许可。',
 'create_time': '06:06',
 'title': 'Golix的比特币ATM机不再提供现金和数字货币间交易'}
2018-09-03 09:55:03 [scrapy.core.scraper] WARNING: Dropped: Duplicate item found: {'content': '\n'
            '据CCN报道，GenesisTrading首席执行官MichaelMoro认为，上周SEC拒绝ETF的消息并未像往常一样导致比特币的抛售，反而将比特币价格推至7100美元。目前重要的问题是，7100美元的价格水平能维持多久。他说，如果7100美元的价格能维持一到两周，就会迎来新一轮的上涨行情，价格很可能会触及1万美元。看多一方正在观望7100美元的价格是否能维持下去。当被问及如何将比特币价格推高至1万美元时，他表示，除了交易量外，还需要缓慢而稳定的增长。他补充说:“我认为空头已经意识到他们已经没有足够的动力了。”',
 'create_time': '05:34',
 'title': 'Michael Moro：ETF被拒 使得比特币价格升至7100美元'}
{'content': '\n'
            '据CCN报道，GenesisTrading首席执行官MichaelMoro认为，上周SEC拒绝ETF的消息并未像往常一样导致比特币的抛售，反而将比特币价格推至7100美元。目前重要的问题是，7100美元的价格水平能维持多久。他说，如果7100美元的价格能维持一到两周，就会迎来新一轮的上涨行情，价格很可能会触及1万美元。看多一方正在观望7100美元的价格是否能维持下去。当被问及如何将比特币价格推高至1万美元时，他表示，除了交易量外，还需要缓慢而稳定的增长。他补充说:“我认为空头已经意识到他们已经没有足够的动力了。”',
 'create_time': '05:34',
 'title': 'Michael Moro：ETF被拒 使得比特币价格升至7100美元'}
2018-09-03 09:55:03 [scrapy.core.scraper] WARNING: Dropped: Duplicate item found: {'content': '\n'
            '据coinspeaker报道，国际数字货币和区块链去中心化协会（IDACB）将与彭博和路透社合作，向其提供符合其标准的加密行业新闻，提高企业家对区块链和数字货币的认识。',
 'create_time': '05:29',
 'title': 'IDACB将与彭博和路透合作 提供加密行业新闻'}
{'content': '\n'
            '据coinspeaker报道，国际数字货币和区块链去中心化协会（IDACB）将与彭博和路透社合作，向其提供符合其标准的加密行业新闻，提高企业家对区块链和数字货币的认识。',
 'create_time': '05:29',
 'title': 'IDACB将与彭博和路透合作 提供加密行业新闻'}
2018-09-03 09:55:03 [scrapy.core.scraper] WARNING: Dropped: Duplicate item found: {'content': '\nUPbit发布公告称，目前已暂停韩元交易，待确认问题后会尽快恢复相关业务。',
 'create_time': '05:09',
 'title': 'UPbit暂停韩元交易'}
{'content': '\nUPbit发布公告称，目前已暂停韩元交易，待确认问题后会尽快恢复相关业务。',
 'create_time': '05:09',
 'title': 'UPbit暂停韩元交易'}
2018-09-03 09:55:03 [scrapy.core.scraper] WARNING: Dropped: Duplicate item found: {'content': '\n'
            '据Cryptonews报道，Coinbase最近的一项调查显示，18%的美国大学生拥有数字货币。另外，34％的计算机科学和工程专业以及47％的社会研究专业的学生打算研究这项技术，或者从事区块链领域的职业。',
 'create_time': '05:07',
 'title': '调查：18%的美国大学生拥有数字货币'}
{'content': '\n'
            '据Cryptonews报道，Coinbase最近的一项调查显示，18%的美国大学生拥有数字货币。另外，34％的计算机科学和工程专业以及47％的社会研究专业的学生打算研究这项技术，或者从事区块链领域的职业。',
 'create_time': '05:07',
 'title': '调查：18%的美国大学生拥有数字货币'}
2018-09-03 09:55:03 [scrapy.core.scraper] WARNING: Dropped: Duplicate item found: {'content': '\n'
            '据Upbit公告，由于BitGoBCH的存款过程中的服务器出现故障，存款信息被延迟，Upbit将在BitGo服务器故障改善后立即处理付款。',
 'create_time': '04:40',
 'title': 'Upbit：BCH存款信息或有延迟'}
{'content': '\n'
            '据Upbit公告，由于BitGoBCH的存款过程中的服务器出现故障，存款信息被延迟，Upbit将在BitGo服务器故障改善后立即处理付款。',
 'create_time': '04:40',
 'title': 'Upbit：BCH存款信息或有延迟'}
2018-09-03 09:55:03 [scrapy.core.scraper] WARNING: Dropped: Duplicate item found: {'content': '\n'
            '据《币世界》行情显示，BTC从7250.08美元短时下挫至7205.95美元，15分钟内下降近50美元。BTC现报价7206.19美元，涨幅0.52%。',
 'create_time': '04:27',
 'title': 'BTC短时下挫近50美元'}
{'content': '\n'
            '据《币世界》行情显示，BTC从7250.08美元短时下挫至7205.95美元，15分钟内下降近50美元。BTC现报价7206.19美元，涨幅0.52%。',
 'create_time': '04:27',
 'title': 'BTC短时下挫近50美元'}
2018-09-03 09:55:03 [scrapy.core.scraper] WARNING: Dropped: Duplicate item found: {'content': '\n'
            '据Bitcoinist消息，数据显示约一半比特币处于长期存储状态，另一半则处于流通状态。而Inlock的CMOPeterGergo认为，HODLers（持有者）是加密世界的真正英雄。他表示，即使在看跌情绪下，HODLers数字资产仍然保持强势，减缓了BTC下行，促成最终反转趋势。而除比特币外，绝大多数小币种都被保存在静态钱包中从未被使用。',
 'create_time': '04:20',
 'title': 'BTC持有者们缓解了市场价格下行局面'}
{'content': '\n'
            '据Bitcoinist消息，数据显示约一半比特币处于长期存储状态，另一半则处于流通状态。而Inlock的CMOPeterGergo认为，HODLers（持有者）是加密世界的真正英雄。他表示，即使在看跌情绪下，HODLers数字资产仍然保持强势，减缓了BTC下行，促成最终反转趋势。而除比特币外，绝大多数小币种都被保存在静态钱包中从未被使用。',
 'create_time': '04:20',
 'title': 'BTC持有者们缓解了市场价格下行局面'}
2018-09-03 09:55:03 [scrapy.core.scraper] WARNING: Dropped: Duplicate item found: {'content': '\n'
            '据《币世界》监测，今日数字货币市场整体回暖，市值前百币种涨多跌少。目前数字货币市值升至2370亿美元以上，达8月9日以来最高。数字货币总市值现2376.81亿美元，24小时成交量135.49亿美元。',
 'create_time': '02:57',
 'title': '数字货币总市值达8月9日以来最高 价格总体上涨'}
{'content': '\n'
            '据《币世界》监测，今日数字货币市场整体回暖，市值前百币种涨多跌少。目前数字货币市值升至2370亿美元以上，达8月9日以来最高。数字货币总市值现2376.81亿美元，24小时成交量135.49亿美元。',
 'create_time': '02:57',
 'title': '数字货币总市值达8月9日以来最高 价格总体上涨'}
2018-09-03 09:55:03 [scrapy.core.scraper] WARNING: Dropped: Duplicate item found: {'content': '\n'
            '据Forklog消息，俄罗斯警方在全国范围内没收比特币ATM，俄罗斯公司BBFpro有二十几个比特币ATM被执法部门没收，BBFpro首席执行官ArtemBedarev称：“我们的比特币ATM已根据俄罗斯检察长办公室的指示，在中央银行的通知下被没收，并口头告诉我，检查至少需要六个月，并且在完成之前ATM不会被退回。”',
 'create_time': '02:24',
 'title': '俄罗斯警方在全国范围内没收比特币ATM'}
{'content': '\n'
            '据Forklog消息，俄罗斯警方在全国范围内没收比特币ATM，俄罗斯公司BBFpro有二十几个比特币ATM被执法部门没收，BBFpro首席执行官ArtemBedarev称：“我们的比特币ATM已根据俄罗斯检察长办公室的指示，在中央银行的通知下被没收，并口头告诉我，检查至少需要六个月，并且在完成之前ATM不会被退回。”',
 'create_time': '02:24',
 'title': '俄罗斯警方在全国范围内没收比特币ATM'}
2018-09-03 09:55:03 [scrapy.core.scraper] WARNING: Dropped: Duplicate item found: {'content': '\n'
            '据NewsBTC消息，LIUPost的经济学系教授兼主席PanosMourdoukoutas分享了GregGiordano模型、Haye模型、Wheatley模型等三个计量经济模型。前两个更加强调比特币市场的供应方面，估计其内在价值分别为8778.11美元和8335.54美元。后者关注比特币市场的需求方面，估计比特币价值1080.58美元。',
 'create_time': '02:15',
 'title': '计量经济模型将BTC的“内在价值”介于1080美元到8778美元之间'}
{'content': '\n'
            '据NewsBTC消息，LIUPost的经济学系教授兼主席PanosMourdoukoutas分享了GregGiordano模型、Haye模型、Wheatley模型等三个计量经济模型。前两个更加强调比特币市场的供应方面，估计其内在价值分别为8778.11美元和8335.54美元。后者关注比特币市场的需求方面，估计比特币价值1080.58美元。',
 'create_time': '02:15',
 'title': '计量经济模型将BTC的“内在价值”介于1080美元到8778美元之间'}
2018-09-03 09:55:03 [scrapy.core.scraper] WARNING: Dropped: Duplicate item found: {'content': '\n'
            '据台北时报报道，台北医科大学附属医院已经推出区块链医疗平台，以改善医疗记录。医院负责人陈Ray-jade表示，区块链将有助于减少安全漏洞的风险,并且区块链技术不仅有助于结合电子病历和电子健康记录从多个医院和诊所,它还包含的额外安全特性之前通知和同意转移。',
 'create_time': '01:57',
 'title': '台北医科大学附属医院推出区块链医疗平台'}
{'content': '\n'
            '据台北时报报道，台北医科大学附属医院已经推出区块链医疗平台，以改善医疗记录。医院负责人陈Ray-jade表示，区块链将有助于减少安全漏洞的风险,并且区块链技术不仅有助于结合电子病历和电子健康记录从多个医院和诊所,它还包含的额外安全特性之前通知和同意转移。',
 'create_time': '01:57',
 'title': '台北医科大学附属医院推出区块链医疗平台'}
2018-09-03 09:55:03 [scrapy.core.scraper] WARNING: Dropped: Duplicate item found: {'content': '\n'
            '据ICOExaminer消息，meVu的首席执行官KelvinCoelho表示：“区块链代表了赌博的未来，原因很多。区块链的透明度和公平性，将刺激对基于区块链的赌博投注平台的发展。”',
 'create_time': '01:48',
 'title': 'meVu首席执行官：区块链是赌博业的未来'}
{'content': '\n'
            '据ICOExaminer消息，meVu的首席执行官KelvinCoelho表示：“区块链代表了赌博的未来，原因很多。区块链的透明度和公平性，将刺激对基于区块链的赌博投注平台的发展。”',
 'create_time': '01:48',
 'title': 'meVu首席执行官：区块链是赌博业的未来'}
2018-09-03 09:55:03 [scrapy.core.scraper] WARNING: Dropped: Duplicate item found: {'content': '\n'
            '据Etherscan.io数据显示，9月1日早间以太坊未确认交易笔数一度达到83707。目前以太坊网络未确认交易笔数67122笔，拥堵情况得到缓解。据《币世界》行情显示，ETH现价297.80美元，涨幅0.74%。',
 'create_time': '01:37',
 'title': '以太坊网络未确认交易笔数67122笔 拥堵情况得到缓解'}
{'content': '\n'
            '据Etherscan.io数据显示，9月1日早间以太坊未确认交易笔数一度达到83707。目前以太坊网络未确认交易笔数67122笔，拥堵情况得到缓解。据《币世界》行情显示，ETH现价297.80美元，涨幅0.74%。',
 'create_time': '01:37',
 'title': '以太坊网络未确认交易笔数67122笔 拥堵情况得到缓解'}
2018-09-03 09:55:03 [scrapy.core.scraper] WARNING: Dropped: Duplicate item found: {'content': '\n'
            '据Bitcoin消息，数字货币技术公司SFOX的研究人员认为，随着机构投资者和对冲基金的介入，交易所之间的价格差异会随着数字货币市场的稳定而下降。SFOX主管DannyKim称：“在投资者积极参与数字货币交易或大量参与（2018年之前）之前，交易所之间的比特币价格差异高达4.5％。”',
 'create_time': '01:18',
 'title': 'SFOX研究：交易所间价差会随数字货币市场稳定而下降'}
{'content': '\n'
            '据Bitcoin消息，数字货币技术公司SFOX的研究人员认为，随着机构投资者和对冲基金的介入，交易所之间的价格差异会随着数字货币市场的稳定而下降。SFOX主管DannyKim称：“在投资者积极参与数字货币交易或大量参与（2018年之前）之前，交易所之间的比特币价格差异高达4.5％。”',
 'create_time': '01:18',
 'title': 'SFOX研究：交易所间价差会随数字货币市场稳定而下降'}
2018-09-03 09:55:03 [scrapy.core.scraper] WARNING: Dropped: Duplicate item found: {'content': '\n'
            '据《币世界》行情，BTC4小时连续上涨，短时突破7200美元，BTC现报价7184.46美元，涨幅0.31%。市值前100币种普涨，仅BITB（-2.85%）、USTD（-0.46%）、MONA（-0.25%）微跌；涨幅最高为DOGE（+63.41%）。概念板块全部上涨。',
 'create_time': '00:53',
 'title': 'BTC短时突破7200美元 市值前百币种仅3个下跌'}
{'content': '\n'
            '据《币世界》行情，BTC4小时连续上涨，短时突破7200美元，BTC现报价7184.46美元，涨幅0.31%。市值前100币种普涨，仅BITB（-2.85%）、USTD（-0.46%）、MONA（-0.25%）微跌；涨幅最高为DOGE（+63.41%）。概念板块全部上涨。',
 'create_time': '00:53',
 'title': 'BTC短时突破7200美元 市值前百币种仅3个下跌'}
2018-09-03 09:55:03 [scrapy.core.scraper] WARNING: Dropped: Duplicate item found: {'content': '\nBTC晚间大幅上涨，突破7100美元关口，现于7180美元附近横盘整理。BTC现报价7181.12美元，涨幅3.18%。',
 'create_time': '00:01',
 'title': '币世界24小时行情梳理：BTC突破7100美元 主流币普遍大幅上涨'}
{'content': '\nBTC晚间大幅上涨，突破7100美元关口，现于7180美元附近横盘整理。BTC现报价7181.12美元，涨幅3.18%。',
 'create_time': '00:01',
 'title': '币世界24小时行情梳理：BTC突破7100美元 主流币普遍大幅上涨'}
2018-09-03 09:55:03 [scrapy.core.scraper] WARNING: Dropped: Duplicate item found: {'content': '\n'
            '据《币世界》最新行情，BCH持续拉升，短时突破620美元，最高涨至625.445美元。BCH现报617.00美元，涨幅15.03%。',
 'create_time': '23:37',
 'title': 'BCH持续拉升，短时突破620美元  涨幅超过15%'}
{'content': '\n'
            '据《币世界》最新行情，BCH持续拉升，短时突破620美元，最高涨至625.445美元。BCH现报617.00美元，涨幅15.03%。',
 'create_time': '23:37',
 'title': 'BCH持续拉升，短时突破620美元  涨幅超过15%'}
2018-09-03 09:55:03 [scrapy.core.scraper] WARNING: Dropped: Duplicate item found: {'content': '\n'
            '据《币世界》行情监测，狗狗币持续上升态势，24小时涨幅超过60%。狗狗币现均价为0.006美元，24小时涨幅68.53%。狗狗币今日净流入资金为1602.37万美元。据之前报道，狗狗币宣布9月5日发行通证meme-dcoin以充当桥梁连接以太坊网络。',
 'create_time': '23:30',
 'title': '狗狗币持续上升态势 24小时涨幅超过60%'}
{'content': '\n'
            '据《币世界》行情监测，狗狗币持续上升态势，24小时涨幅超过60%。狗狗币现均价为0.006美元，24小时涨幅68.53%。狗狗币今日净流入资金为1602.37万美元。据之前报道，狗狗币宣布9月5日发行通证meme-dcoin以充当桥梁连接以太坊网络。',
 'create_time': '23:30',
 'title': '狗狗币持续上升态势 24小时涨幅超过60%'}
2018-09-03 09:55:03 [scrapy.core.scraper] WARNING: Dropped: Duplicate item found: {'content': '\n'
            '据《币世界》行情监测，今日资金净流入前三位分别为BTC（5658.35万美元）、ETH（3472.23万美元）、BCH（2920.20万美元）。这其中，BCH所占成交额为20.79%，ETH所占成交额为10.03%，BTC所占成交额为13.00%.。',
 'create_time': '23:09',
 'title': 'BTC、ETH、BCH占净流入金额前三位 BCH所占成交额最大'}
{'content': '\n'
            '据《币世界》行情监测，今日资金净流入前三位分别为BTC（5658.35万美元）、ETH（3472.23万美元）、BCH（2920.20万美元）。这其中，BCH所占成交额为20.79%，ETH所占成交额为10.03%，BTC所占成交额为13.00%.。',
 'create_time': '23:09',
 'title': 'BTC、ETH、BCH占净流入金额前三位 BCH所占成交额最大'}
2018-09-03 09:55:03 [scrapy.core.scraper] WARNING: Dropped: Duplicate item found: {'content': '\n'
            'BTC五分钟内上涨1.24%，上涨金额为88.22美元，其中火币PRO上现价为$7198.42，请密切关注行情走向，注意控制风险。',
 'create_time': '23:02',
 'title': 'BTC五分钟内上涨1.24%'}
{'content': '\n'
            'BTC五分钟内上涨1.24%，上涨金额为88.22美元，其中火币PRO上现价为$7198.42，请密切关注行情走向，注意控制风险。',
 'create_time': '23:02',
 'title': 'BTC五分钟内上涨1.24%'}
2018-09-03 09:55:03 [scrapy.core.scraper] WARNING: Dropped: Duplicate item found: {'content': '\n据《币世界》最新行情，ETH短时迅速拉升，涨幅已超过5%。ETH现报294.24美元，涨幅5.76%。',
 'create_time': '23:01',
 'title': 'ETH短时拉升 涨幅5.76%'}
{'content': '\n据《币世界》最新行情，ETH短时迅速拉升，涨幅已超过5%。ETH现报294.24美元，涨幅5.76%。',
 'create_time': '23:01',
 'title': 'ETH短时拉升 涨幅5.76%'}
2018-09-03 09:55:03 [scrapy.core.scraper] WARNING: Dropped: Duplicate item found: {'content': '\n'
            '据《币世界》最新行情，BCH短时继续拉升，现已突破600美元关口，涨幅超过10%。BCH现报604.02美元，涨幅12.61%。',
 'create_time': '22:35',
 'title': 'BCH再次拉升，现已突破600美元  涨幅超过10%'}
{'content': '\n'
            '据《币世界》最新行情，BCH短时继续拉升，现已突破600美元关口，涨幅超过10%。BCH现报604.02美元，涨幅12.61%。',
 'create_time': '22:35',
 'title': 'BCH再次拉升，现已突破600美元  涨幅超过10%'}
2018-09-03 09:55:03 [scrapy.core.scraper] WARNING: Dropped: Duplicate item found: {'content': '\n'
            '据Cointelegraph消息，德国统计机构Statista对欧美15个主要国家进行了数字货币持有率调查。调查结果显示，18%的土耳其人持有数字货币，在15个样本中高居第一。分析认为，土耳其居民的数字货币高持有率与该国货币危机有关，民众对法币的信任度较低。',
 'create_time': '22:30',
 'title': '调查显示：18%的土耳其人持有加密货币'}
{'content': '\n'
            '据Cointelegraph消息，德国统计机构Statista对欧美15个主要国家进行了数字货币持有率调查。调查结果显示，18%的土耳其人持有数字货币，在15个样本中高居第一。分析认为，土耳其居民的数字货币高持有率与该国货币危机有关，民众对法币的信任度较低。',
 'create_time': '22:30',
 'title': '调查显示：18%的土耳其人持有加密货币'}
2018-09-03 09:55:03 [scrapy.core.scraper] WARNING: Dropped: Duplicate item found: {'content': '\n'
            '据《币世界》最新行情，BCH短时持续拉升，已突破580美元，最高涨至586.30美元，涨幅超过8%。BCH现报580.21美元，涨幅8.17%。此前报道，BCH于今晚8时开始进行压力测试。',
 'create_time': '22:24',
 'title': 'BCH短时突破580美元  涨幅超过8%'}
{'content': '\n'
            '据《币世界》最新行情，BCH短时持续拉升，已突破580美元，最高涨至586.30美元，涨幅超过8%。BCH现报580.21美元，涨幅8.17%。此前报道，BCH于今晚8时开始进行压力测试。',
 'create_time': '22:24',
 'title': 'BCH短时突破580美元  涨幅超过8%'}
2018-09-03 09:55:03 [scrapy.core.scraper] WARNING: Dropped: Duplicate item found: {'content': '\n'
            'BitcoinCash官方推特刚刚发布消息，BCH压力测试已经开始了。截至约21时，BCH在过去24小时处理了126.5876万笔交易。BMG矿池刚刚挖出10MB/44705区块。据《币世界》行情，BCH现报566.80美元，涨幅5.67%',
 'create_time': '21:39',
 'title': 'BCH压力测试已经开始 处理交易超120万笔'}
{'content': '\n'
            'BitcoinCash官方推特刚刚发布消息，BCH压力测试已经开始了。截至约21时，BCH在过去24小时处理了126.5876万笔交易。BMG矿池刚刚挖出10MB/44705区块。据《币世界》行情，BCH现报566.80美元，涨幅5.67%',
 'create_time': '21:39',
 'title': 'BCH压力测试已经开始 处理交易超120万笔'}
2018-09-03 09:55:03 [scrapy.core.scraper] WARNING: Dropped: Duplicate item found: {'content': '\n'
            '据cryptowatch消息，日本数字货币交易所BitPoint宣布，将在账户登录、充值、数字货币转账和密码修改时执行双重认证，除传统的邮件、SMS通知之外，增加GoogleAuthenticator认证方式。',
 'create_time': '21:34',
 'title': '日本数字货币交易所BitPoint开启双重认证'}
{'content': '\n'
            '据cryptowatch消息，日本数字货币交易所BitPoint宣布，将在账户登录、充值、数字货币转账和密码修改时执行双重认证，除传统的邮件、SMS通知之外，增加GoogleAuthenticator认证方式。',
 'create_time': '21:34',
 'title': '日本数字货币交易所BitPoint开启双重认证'}
2018-09-03 09:55:03 [scrapy.core.engine] INFO: Closing spider (finished)
2018-09-03 09:55:03 [scrapy.statscollectors] INFO: Dumping Scrapy stats:
{'downloader/request_bytes': 523,
 'downloader/request_count': 2,
 'downloader/request_method_count/GET': 2,
 'downloader/response_bytes': 39230,
 'downloader/response_count': 2,
 'downloader/response_status_count/200': 2,
 'finish_reason': 'finished',
 'finish_time': datetime.datetime(2018, 9, 3, 1, 55, 3, 549375),
 'item_dropped_count': 100,
 'item_dropped_reasons_count/DropItem': 100,
 'log_count/DEBUG': 3,
 'log_count/INFO': 7,
 'log_count/WARNING': 100,
 'memusage/max': 47669248,
 'memusage/startup': 47669248,
 'response_received_count': 2,
 'scheduler/dequeued': 1,
 'scheduler/dequeued/memory': 1,
 'scheduler/enqueued': 1,
 'scheduler/enqueued/memory': 1,
 'start_time': datetime.datetime(2018, 9, 3, 1, 55, 2, 975678)}
2018-09-03 09:55:03 [scrapy.core.engine] INFO: Spider closed (finished)
