2018-06-14 15:55:06 mail.py[line:47] INFO IOTA今日上线Bitpanda 涨幅0.56%已告警
2018-06-14 15:55:06 mail.py[line:47] INFO 交易所暂缓推进EOS主网激活 近百万EOS被盗已告警
2018-06-14 15:55:06 mail.py[line:47] INFO 百万EOS是因用户操作不当被盗，并不是交易所EOS被盗，各大节点正努力协同找回。已告警
2018-06-14 15:55:06 mail.py[line:47] INFO ADA今日上线Bithumb 涨幅11.72%已告警
2018-06-14 15:55:06 mail.py[line:47] INFO SNT今日上线Bithumb 涨幅9.48%已告警
2018-06-14 15:55:06 mail.py[line:47] INFO 百万EOS是因用户操作不当被盗，并不是交易所EOS被盗已告警
2018-06-14 15:55:06 mail.py[line:47] INFO 币安将于今日晚间19:00上线SiaCoin已告警
2018-06-14 15:55:06 mail.py[line:47] INFO 比特娱乐上线世界杯竞猜游戏已告警
2018-06-14 15:55:06 mail.py[line:47] INFO 火币全球站6月15日13:00上线 Decred 已告警
2018-06-14 15:55:06 mail.py[line:47] INFO 火币Pro6月15日13:00上线 Decred 已告警
2018-06-14 15:55:06 mail.py[line:47] INFO 火币Pro将于6月15日13:00上线DCR已告警
2018-06-14 15:55:06 mail.py[line:47] INFO FAIR世界杯竞猜活动今日14：00上线已告警
2018-06-14 15:55:06 mail.py[line:47] INFO WECC“世界杯竞猜”活动今日上线已告警
2018-06-14 15:55:06 mail.py[line:47] INFO 百度内侧区块链应用绿洲，度宇宙上线推迟已告警
2018-06-14 15:55:06 mail.py[line:47] INFO 百度内测区块链应用绿洲，度宇宙上线推迟已告警
2018-06-14 15:55:06 mail.py[line:47] INFO HADAX6月14日上线ZJLT已告警
2018-06-14 15:55:06 mail.py[line:47] INFO 火币Pro将于6月15日11:00上线DCR已告警
2018-06-14 15:55:06 mail.py[line:47] INFO HADAX6月15日上线ZJLT已告警
2018-06-14 15:55:06 mail.py[line:47] INFO OKEx将于6月15日16:00上线Waves已告警
2018-06-14 15:55:06 mail.py[line:47] INFO 赛贝CYBEX上线首个DApp世界杯竞猜应用已告警
